Baggage control: 2296956
Security control process: 2296957
Main process: 2296955
Init planes
Stairs process: 2296958
Dispatcher process: 2296959
All planes created
Spawn passengers
Spawn passengers: Waiting for 67 ms
Spawn passengers: Waiting for 77 ms
Spawn passengers: Waiting for 57 ms
Spawn passengers: Waiting for 53 ms
Spawn passengers: Waiting for 15 ms
Spawn passengers: Waiting for 93 ms
Spawn passengers: Waiting for 64 ms
Spawn passengers: Waiting for 72 ms
Main process: Forced plane depart
Baggage control: 2312191
Security control process: 2312192
Main process: 2312190
Stairs process: 2312193
Init planes
Dispatcher process: 2312194
All planes created
Spawn passengers
Spawn passengers: Waiting for 29 ms
Spawn passengers: Waiting for 16 ms
Spawn passengers: Waiting for 66 ms
Spawn passengers: Waiting for 43 ms
Spawn passengers: Waiting for 32 ms
Spawn passengers: Waiting for 94 ms
Spawn passengers: Waiting for 33 ms
Spawn passengers: Waiting for 17 ms
Spawn passengers: Waiting for 38 ms
Spawn passengers: Waiting for 33 ms
Spawn passengers: Waiting for 5 ms
Spawn passengers: Waiting for 38 ms
Spawn passengers: Waiting for 89 ms
Spawn passengers: Waiting for 52 ms
Spawn passengers: Waiting for 93 ms
Spawn passengers: Waiting for 96 ms
Main process: Forced plane depart
Spawn passengers: Waiting for 44 ms
Spawn passengers: Waiting for 74 ms
Spawn passengers: Waiting for 45 ms
Spawn passengers: Waiting for 27 ms
Spawn passengers: Waiting for 100 ms
Spawn passengers: Waiting for 32 ms
Spawn passengers: Waiting for 93 ms
Spawn passengers: Waiting for 88 ms
Spawn passengers: Waiting for 91 ms
Spawn passengers: Waiting for 82 ms
Spawn passengers: Waiting for 28 ms
Spawn passengers: Waiting for 36 ms
Spawn passengers: Waiting for 78 ms
Spawn passengers: Waiting for 65 ms
Spawn passengers: Waiting for 27 ms
Spawn passengers: Waiting for 15 ms
Spawn passengers: Waiting for 48 ms
Spawn passengers: Waiting for 33 ms
Spawn passengers: Waiting for 58 ms
Spawn passengers: Waiting for 47 ms
Spawn passengers: Waiting for 35 ms
Spawn passengers: Waiting for 8 ms
Spawn passengers: Waiting for 100 ms
Spawn passengers: Waiting for 37 ms
Spawn passengers: Waiting for 99 ms
Spawn passengers: Waiting for 86 ms
Spawn passengers: Waiting for 13 ms
Spawn passengers: Waiting for 30 ms
Spawn passengers: Waiting for 7 ms
Spawn passengers: Waiting for 64 ms
Spawn passengers: Waiting for 58 ms
Spawn passengers: Waiting for 94 ms
Spawn passengers: Waiting for 10 ms
Spawn passengers: Waiting for 83 ms
Spawn passengers: Waiting for 36 ms
Spawn passengers: Waiting for 87 ms
Spawn passengers: Waiting for 14 ms
Spawn passengers: Waiting for 85 ms
Spawn passengers: Waiting for 60 ms
Spawn passengers: Waiting for 38 ms
Spawn passengers: Waiting for 81 ms
Spawn passengers: Waiting for 81 ms
Spawn passengers: Waiting for 81 ms
Spawn passengers: Waiting for 35 ms
Spawn passengers: Waiting for 60 ms
Spawn passengers: Waiting for 45 ms
Spawn passengers: Waiting for 86 ms
Spawn passengers: Waiting for 43 ms
Spawn passengers: Waiting for 54 ms
Spawn passengers: Waiting for 46 ms
Spawn passengers: Waiting for 83 ms
Spawn passengers: Waiting for 87 ms
Spawn passengers: Waiting for 99 ms
Spawn passengers: Waiting for 68 ms
Spawn passengers: Waiting for 4 ms
Spawn passengers: Waiting for 99 ms
Spawn passengers: Waiting for 17 ms
Spawn passengers: Waiting for 46 ms
Spawn passengers: Waiting for 61 ms
Spawn passengers: Waiting for 85 ms
Spawn passengers: Waiting for 83 ms
Spawn passengers: Waiting for 18 ms
Spawn passengers: Waiting for 68 ms
Spawn passengers: Waiting for 35 ms
Spawn passengers: Waiting for 36 ms
Spawn passengers: Waiting for 10 ms
Spawn passengers: Waiting for 53 ms
Spawn passengers: Waiting for 79 ms
Spawn passengers: Waiting for 78 ms
Spawn passengers: Waiting for 32 ms
Spawn passengers: Waiting for 30 ms
Spawn passengers: Waiting for 12 ms
Spawn passengers: Waiting for 2 ms
Spawn passengers: Waiting for 46 ms
Spawn passengers: Waiting for 81 ms
Spawn passengers: Waiting for 12 ms
Spawn passengers: Waiting for 57 ms
Spawn passengers: Waiting for 0 ms
Spawn passengers: Waiting for 84 ms
Spawn passengers: Waiting for 19 ms
Spawn passengers: Waiting for 4 ms
Spawn passengers: Waiting for 57 ms
Spawn passengers: Waiting for 80 ms
Spawn passengers: Waiting for 73 ms
All passengers created
