Baggage control: waiting for passenger
Baggage control: received baggage info
Baggage control: passenger 24501 is not overweight
Baggage control: waiting for passenger
Baggage control: received baggage info
Baggage control: passenger 24501 is not overweight
Baggage control: waiting for passenger
Baggage control: received baggage info
Baggage control: passenger 24503 is not overweight
Baggage control: waiting for passenger
Baggage control: received baggage info
Baggage control: passenger 24503 is not overweight
Baggage control: waiting for passenger
Baggage control: received baggage info
Baggage control: passenger 24504 is not overweight
Baggage control: waiting for passenger
Baggage control: received baggage info
Baggage control: passenger 24504 is not overweight
Baggage control: waiting for passenger
Baggage control: received baggage info
Baggage control: passenger 24505 is not overweight
Baggage control: waiting for passenger
Baggage control: received baggage info
Baggage control: passenger 24505 is not overweight
Baggage control: waiting for passenger
Baggage control: received baggage info
Baggage control: passenger 24506 is not overweight
Baggage control: waiting for passenger
Baggage control: received baggage info
Baggage control: passenger 24506 is not overweight
Baggage control: waiting for passenger
Baggage control: received baggage info
Baggage control: passenger 24507 is not overweight
Baggage control: waiting for passenger
Baggage control: received baggage info
Baggage control: passenger 24507 is not overweight
Baggage control: waiting for passenger
Baggage control: received baggage info
Baggage control: passenger 24508 is not overweight
Baggage control: waiting for passenger
Baggage control: received baggage info
Baggage control: passenger 24508 is not overweight
Baggage control: waiting for passenger
Baggage control: received baggage info
Baggage control: passenger 24509 is overweight
Baggage control: waiting for passenger
Baggage control: received baggage info
Baggage control: passenger 24509 is overweight
Baggage control: waiting for passenger
Baggage control: received baggage info
Baggage control: passenger 24510 is not overweight
Baggage control: waiting for passenger
Baggage control: received baggage info
Baggage control: passenger 24510 is not overweight
Baggage control: waiting for passenger
Baggage control: received baggage info
Baggage control: passenger 24511 is not overweight
Baggage control: waiting for passenger
Baggage control: received baggage info
Baggage control: passenger 24511 is not overweight
Baggage control: waiting for passenger
Baggage control: received baggage info
Baggage control: passenger 24512 is overweight
Baggage control: waiting for passenger
Baggage control: received baggage info
Baggage control: passenger 24512 is overweight
Baggage control: waiting for passenger
Baggage control: received baggage info
Baggage control: passenger 24513 is not overweight
Baggage control: waiting for passenger
Baggage control: received baggage info
Baggage control: passenger 24514 is not overweight
Baggage control: waiting for passenger
Baggage control: received baggage info
Baggage control: passenger 24515 is overweight
Baggage control: waiting for passenger
Baggage control: received baggage info
Baggage control: passenger 24515 is overweight
Baggage control: waiting for passenger
Baggage control: received baggage info
Baggage control: passenger 24516 is overweight
Baggage control: waiting for passenger
Baggage control: received baggage info
Baggage control: passenger 24516 is overweight
Baggage control: waiting for passenger
Baggage control: received baggage info
Baggage control: passenger 24536 is not overweight
Baggage control: waiting for passenger
Baggage control: received baggage info
Baggage control: passenger 24536 is not overweight
Baggage control: waiting for passenger
Baggage control: received baggage info
Baggage control: passenger 24581 is not overweight
Baggage control: waiting for passenger
Baggage control: received baggage info
Baggage control: passenger 24581 is not overweight
Baggage control: waiting for passenger
Baggage control: received baggage info
Baggage control: passenger 24582 is overweight
Baggage control: waiting for passenger
Baggage control: received baggage info
Baggage control: passenger 24583 is not overweight
Baggage control: waiting for passenger
Baggage control: received baggage info
Baggage control: passenger 24583 is not overweight
Baggage control: waiting for passenger
Baggage control: received baggage info
Baggage control: passenger 24584 is not overweight
Baggage control: waiting for passenger
Baggage control: received baggage info
Baggage control: passenger 24584 is not overweight
Baggage control: waiting for passenger
Baggage control: received baggage info
Baggage control: passenger 24585 is not overweight
Baggage control: waiting for passenger
Baggage control: received baggage info
Baggage control: passenger 24585 is not overweight
Baggage control: waiting for passenger
Baggage control: received baggage info
Baggage control: passenger 24586 is not overweight
Baggage control: waiting for passenger
Baggage control: received baggage info
Baggage control: passenger 24586 is not overweight
Baggage control: waiting for passenger
Baggage control: received baggage info
Baggage control: passenger 24587 is overweight
Baggage control: waiting for passenger
Baggage control: received baggage info
Baggage control: passenger 24588 is not overweight
Baggage control: waiting for passenger
Baggage control: received baggage info
Baggage control: passenger 24588 is not overweight
Baggage control: waiting for passenger
Baggage control: received baggage info
Baggage control: passenger 24589 is overweight
Baggage control: waiting for passenger
Baggage control: received baggage info
Baggage control: passenger 24589 is overweight
Baggage control: waiting for passenger
Baggage control: received baggage info
Baggage control: passenger 24590 is not overweight
Baggage control: waiting for passenger
Baggage control: received baggage info
Baggage control: passenger 24590 is not overweight
Baggage control: waiting for passenger
Baggage control: received baggage info
Baggage control: passenger 24591 is not overweight
Baggage control: waiting for passenger
Baggage control: received baggage info
Baggage control: passenger 24592 is not overweight
Baggage control: waiting for passenger
Baggage control: received baggage info
Baggage control: passenger 24592 is not overweight
Baggage control: waiting for passenger
Baggage control: received baggage info
Baggage control: passenger 24593 is not overweight
Baggage control: waiting for passenger
Baggage control: received baggage info
Baggage control: passenger 24593 is not overweight
Baggage control: waiting for passenger
Baggage control: received baggage info
Baggage control: passenger 24594 is not overweight
Baggage control: waiting for passenger
Baggage control: received baggage info
Baggage control: passenger 24595 is not overweight
Baggage control: waiting for passenger
Baggage control: received baggage info
Baggage control: passenger 24595 is not overweight
Baggage control: waiting for passenger
Baggage control: received baggage info
Baggage control: passenger 24596 is not overweight
Baggage control: waiting for passenger
Baggage control: received baggage info
Baggage control: passenger 24596 is not overweight
Baggage control: waiting for passenger
Baggage control: received baggage info
Baggage control: passenger 24597 is overweight
Baggage control: waiting for passenger
Baggage control: received baggage info
Baggage control: passenger 24597 is overweight
Baggage control: waiting for passenger
Baggage control: received baggage info
Baggage control: passenger 24598 is not overweight
Baggage control: waiting for passenger
Baggage control: received baggage info
Baggage control: passenger 24598 is not overweight
Baggage control: waiting for passenger
Baggage control: received baggage info
Baggage control: passenger 24599 is overweight
Baggage control: waiting for passenger
Baggage control: received baggage info
Baggage control: passenger 24599 is overweight
Baggage control: waiting for passenger
Baggage control: received baggage info
Baggage control: passenger 24600 is not overweight
Baggage control: waiting for passenger
Baggage control: received baggage info
Baggage control: passenger 24600 is not overweight
Baggage control: waiting for passenger
Baggage control: received baggage info
Baggage control: passenger 24601 is overweight
Baggage control: waiting for passenger
Baggage control: received baggage info
Baggage control: passenger 24601 is overweight
Baggage control: waiting for passenger
Baggage control: received baggage info
Baggage control: passenger 24604 is not overweight
Baggage control: waiting for passenger
Baggage control: received baggage info
Baggage control: passenger 24604 is not overweight
Baggage control: waiting for passenger
Baggage control: received baggage info
Baggage control: passenger 24666 is not overweight
Baggage control: waiting for passenger
Baggage control: received baggage info
Baggage control: passenger 24666 is not overweight
Baggage control: waiting for passenger
Baggage control: received baggage info
Baggage control: passenger 24667 is not overweight
Baggage control: waiting for passenger
Baggage control: received baggage info
Baggage control: passenger 24667 is not overweight
Baggage control: waiting for passenger
Baggage control: received baggage info
Baggage control: passenger 24668 is not overweight
Baggage control: waiting for passenger
Baggage control: received baggage info
Baggage control: passenger 24668 is not overweight
Baggage control: waiting for passenger
Baggage control: received baggage info
Baggage control: passenger 24669 is not overweight
Baggage control: waiting for passenger
Baggage control: received baggage info
Baggage control: passenger 24669 is not overweight
Baggage control: waiting for passenger
Baggage control: received baggage info
Baggage control: passenger 24670 is not overweight
Baggage control: waiting for passenger
Baggage control: received baggage info
Baggage control: passenger 24670 is not overweight
Baggage control: waiting for passenger
Baggage control: received baggage info
Baggage control: passenger 24671 is not overweight
Baggage control: waiting for passenger
Baggage control: received baggage info
Baggage control: passenger 24671 is not overweight
Baggage control: waiting for passenger
Baggage control: received baggage info
Baggage control: passenger 24672 is overweight
Baggage control: waiting for passenger
Baggage control: received baggage info
Baggage control: passenger 24672 is overweight
Baggage control: waiting for passenger
Baggage control: received baggage info
Baggage control: passenger 24673 is overweight
Baggage control: waiting for passenger
Baggage control: received baggage info
Baggage control: passenger 24673 is overweight
Baggage control: waiting for passenger
Baggage control: received baggage info
Baggage control: passenger 24674 is not overweight
Baggage control: waiting for passenger
Baggage control: received baggage info
Baggage control: passenger 24674 is not overweight
Baggage control: waiting for passenger
Baggage control: received baggage info
Baggage control: passenger 24675 is not overweight
Baggage control: waiting for passenger
Baggage control: received baggage info
Baggage control: passenger 24675 is not overweight
Baggage control: waiting for passenger
Baggage control: received baggage info
Baggage control: passenger 24676 is not overweight
Baggage control: waiting for passenger
Baggage control: received baggage info
Baggage control: passenger 24676 is not overweight
Baggage control: waiting for passenger
Baggage control: received baggage info
Baggage control: passenger 24677 is not overweight
Baggage control: waiting for passenger
Baggage control: received baggage info
Baggage control: passenger 24678 is not overweight
Baggage control: waiting for passenger
Baggage control: received baggage info
Baggage control: passenger 24678 is not overweight
Baggage control: waiting for passenger
Baggage control: received baggage info
Baggage control: passenger 24679 is overweight
Baggage control: waiting for passenger
Baggage control: received baggage info
Baggage control: passenger 24679 is overweight
Baggage control: waiting for passenger
Baggage control: received baggage info
Baggage control: passenger 24680 is not overweight
Baggage control: waiting for passenger
Baggage control: received baggage info
Baggage control: passenger 24680 is not overweight
Baggage control: waiting for passenger
Baggage control: received baggage info
Baggage control: passenger 24681 is overweight
Baggage control: waiting for passenger
Baggage control: received baggage info
Baggage control: passenger 24682 is not overweight
Baggage control: waiting for passenger
Baggage control: received baggage info
Baggage control: passenger 24682 is not overweight
Baggage control: waiting for passenger
Baggage control: received baggage info
Baggage control: passenger 24683 is not overweight
Baggage control: waiting for passenger
Baggage control: received baggage info
Baggage control: passenger 24683 is not overweight
Baggage control: waiting for passenger
Baggage control: received baggage info
Baggage control: passenger 24684 is not overweight
Baggage control: waiting for passenger
Baggage control: received baggage info
Baggage control: passenger 24684 is not overweight
Baggage control: waiting for passenger
Baggage control: received baggage info
Baggage control: passenger 24685 is not overweight
Baggage control: waiting for passenger
Baggage control: received baggage info
Baggage control: passenger 24685 is not overweight
Baggage control: waiting for passenger
Baggage control: received baggage info
Baggage control: passenger 24738 is not overweight
Baggage control: waiting for passenger
Baggage control: received baggage info
Baggage control: passenger 24738 is not overweight
Baggage control: waiting for passenger
Baggage control: received baggage info
Baggage control: passenger 24750 is overweight
Baggage control: waiting for passenger
Baggage control: received baggage info
Baggage control: passenger 24751 is not overweight
Baggage control: waiting for passenger
Baggage control: received baggage info
Baggage control: passenger 24751 is not overweight
Baggage control: waiting for passenger
Baggage control: received baggage info
Baggage control: passenger 24752 is not overweight
Baggage control: waiting for passenger
Baggage control: received baggage info
Baggage control: passenger 24752 is not overweight
Baggage control: waiting for passenger
Baggage control: received baggage info
Baggage control: passenger 24753 is not overweight
Baggage control: waiting for passenger
Baggage control: received baggage info
Baggage control: passenger 24753 is not overweight
Baggage control: waiting for passenger
Baggage control: received baggage info
Baggage control: passenger 24754 is not overweight
Baggage control: waiting for passenger
Baggage control: received baggage info
Baggage control: passenger 24754 is not overweight
Baggage control: waiting for passenger
Baggage control: received baggage info
Baggage control: passenger 24755 is not overweight
Baggage control: waiting for passenger
Baggage control: received baggage info
Baggage control: passenger 24755 is not overweight
Baggage control: waiting for passenger
Baggage control: received baggage info
Baggage control: passenger 24756 is not overweight
Baggage control: waiting for passenger
Baggage control: received baggage info
Baggage control: passenger 24756 is not overweight
Baggage control: waiting for passenger
Baggage control: received baggage info
Baggage control: passenger 24757 is not overweight
Baggage control: waiting for passenger
Baggage control: received baggage info
Baggage control: passenger 24757 is not overweight
Baggage control: waiting for passenger
Baggage control: received baggage info
Baggage control: passenger 24758 is overweight
Baggage control: waiting for passenger
Baggage control: received baggage info
Baggage control: passenger 24759 is not overweight
Baggage control: waiting for passenger
Baggage control: received baggage info
Baggage control: passenger 24759 is not overweight
Baggage control: waiting for passenger
Baggage control: received baggage info
Baggage control: passenger 24760 is not overweight
Baggage control: waiting for passenger
Baggage control: received baggage info
Baggage control: passenger 24760 is not overweight
Baggage control: waiting for passenger
Baggage control: received baggage info
Baggage control: passenger 24761 is overweight
Baggage control: waiting for passenger
Baggage control: received baggage info
Baggage control: passenger 24761 is overweight
Baggage control: waiting for passenger
Baggage control: received baggage info
Baggage control: passenger 24762 is not overweight
Baggage control: waiting for passenger
Baggage control: received baggage info
Baggage control: passenger 24762 is not overweight
Baggage control: waiting for passenger
Baggage control: received baggage info
Baggage control: passenger 24763 is overweight
Baggage control: waiting for passenger
Baggage control: received baggage info
Baggage control: passenger 24763 is overweight
Baggage control: waiting for passenger
Baggage control: received baggage info
Baggage control: passenger 24764 is overweight
Baggage control: waiting for passenger
Baggage control: received baggage info
Baggage control: passenger 24764 is overweight
Baggage control: waiting for passenger
Baggage control: received baggage info
Baggage control: passenger 24765 is overweight
Baggage control: waiting for passenger
Baggage control: received baggage info
Baggage control: passenger 24765 is overweight
Baggage control: waiting for passenger
Baggage control: received baggage info
Baggage control: passenger 24785 is not overweight
Baggage control: waiting for passenger
Baggage control: received baggage info
Baggage control: passenger 24785 is not overweight
Baggage control: waiting for passenger
Baggage control: received baggage info
Baggage control: passenger 24830 is not overweight
Baggage control: waiting for passenger
Baggage control: received baggage info
Baggage control: passenger 24830 is not overweight
Baggage control: waiting for passenger
Baggage control: received baggage info
Baggage control: passenger 24831 is not overweight
Baggage control: waiting for passenger
Baggage control: received baggage info
Baggage control: passenger 24831 is not overweight
Baggage control: waiting for passenger
Baggage control: received baggage info
Baggage control: passenger 24832 is not overweight
Baggage control: waiting for passenger
Baggage control: received baggage info
Baggage control: passenger 24832 is not overweight
Baggage control: waiting for passenger
Baggage control: received baggage info
Baggage control: passenger 24833 is not overweight
Baggage control: waiting for passenger
Baggage control: received baggage info
Baggage control: passenger 24833 is not overweight
Baggage control: waiting for passenger
Baggage control: received baggage info
Baggage control: passenger 24834 is not overweight
Baggage control: waiting for passenger
Baggage control: received baggage info
Baggage control: passenger 24834 is not overweight
Baggage control: waiting for passenger
Baggage control: received baggage info
Baggage control: passenger 24835 is not overweight
Baggage control: waiting for passenger
Baggage control: received baggage info
Baggage control: passenger 24835 is not overweight
Baggage control: waiting for passenger
Baggage control: received baggage info
Baggage control: passenger 24836 is not overweight
Baggage control: waiting for passenger
Baggage control: received baggage info
Baggage control: passenger 24836 is not overweight
Baggage control: waiting for passenger
Baggage control: received baggage info
Baggage control: passenger 24837 is not overweight
Baggage control: waiting for passenger
Baggage control: received baggage info
Baggage control: passenger 24837 is not overweight
Baggage control: waiting for passenger
Baggage control: received baggage info
Baggage control: passenger 24838 is overweight
Baggage control: waiting for passenger
Baggage control: received baggage info
Baggage control: passenger 24838 is overweight
Baggage control: waiting for passenger
Baggage control: received baggage info
Baggage control: passenger 24839 is not overweight
Baggage control: waiting for passenger
Baggage control: received baggage info
Baggage control: passenger 24839 is not overweight
Baggage control: waiting for passenger
Baggage control: received baggage info
Baggage control: passenger 24840 is not overweight
Baggage control: waiting for passenger
Baggage control: received baggage info
Baggage control: passenger 24840 is not overweight
Baggage control: waiting for passenger
Baggage control: received baggage info
Baggage control: passenger 24841 is not overweight
Baggage control: waiting for passenger
Baggage control: received baggage info
Baggage control: passenger 24841 is not overweight
Baggage control: waiting for passenger
Baggage control: received baggage info
Baggage control: passenger 24842 is not overweight
Baggage control: waiting for passenger
Baggage control: received baggage info
Baggage control: passenger 24842 is not overweight
Baggage control: waiting for passenger
Baggage control: received baggage info
Baggage control: passenger 24843 is overweight
Baggage control: waiting for passenger
Baggage control: received baggage info
Baggage control: passenger 24843 is overweight
Baggage control: waiting for passenger
Baggage control: received baggage info
Baggage control: passenger 24844 is not overweight
Baggage control: waiting for passenger
Baggage control: received baggage info
Baggage control: passenger 24844 is not overweight
Baggage control: waiting for passenger
Baggage control: received baggage info
Baggage control: passenger 24845 is not overweight
Baggage control: waiting for passenger
Baggage control: received baggage info
Baggage control: passenger 24846 is not overweight
Baggage control: waiting for passenger
Baggage control: received baggage info
Baggage control: passenger 24846 is not overweight
Baggage control: waiting for passenger
Baggage control: received baggage info
Baggage control: passenger 24858 is not overweight
Baggage control: waiting for passenger
Baggage control: received baggage info
Baggage control: passenger 24858 is not overweight
Baggage control: waiting for passenger
Baggage control: received baggage info
Baggage control: passenger 24911 is not overweight
Baggage control: waiting for passenger
Baggage control: received baggage info
Baggage control: passenger 24911 is not overweight
Baggage control: waiting for passenger
Baggage control: received baggage info
Baggage control: passenger 24912 is overweight
Baggage control: waiting for passenger
Baggage control: received baggage info
Baggage control: passenger 24912 is overweight
Baggage control: waiting for passenger
Baggage control: received baggage info
Baggage control: passenger 24913 is overweight
Baggage control: waiting for passenger
Baggage control: received baggage info
Baggage control: passenger 24913 is overweight
Baggage control: waiting for passenger
Baggage control: received baggage info
Baggage control: passenger 24914 is overweight
Baggage control: waiting for passenger
Baggage control: received baggage info
Baggage control: passenger 24914 is overweight
Baggage control: waiting for passenger
Baggage control: received baggage info
Baggage control: passenger 24915 is not overweight
Baggage control: waiting for passenger
Baggage control: received baggage info
Baggage control: passenger 24915 is not overweight
Baggage control: waiting for passenger
Baggage control: received baggage info
Baggage control: passenger 24916 is not overweight
Baggage control: waiting for passenger
Baggage control: Received signal SIGTERM
Baggage control: waiting for passenger
Baggage control: received baggage info
Baggage control: passenger 29833 is not overweight
Baggage control: waiting for passenger
Baggage control: received baggage info
Baggage control: passenger 29833 is not overweight
Baggage control: waiting for passenger
Baggage control: received baggage info
Baggage control: passenger 29834 is not overweight
Baggage control: waiting for passenger
Baggage control: received baggage info
Baggage control: passenger 29834 is not overweight
Baggage control: waiting for passenger
Baggage control: received baggage info
Baggage control: passenger 29835 is overweight
Baggage control: waiting for passenger
Baggage control: received baggage info
Baggage control: passenger 29835 is overweight
Baggage control: waiting for passenger
Baggage control: received baggage info
Baggage control: passenger 29836 is overweight
Baggage control: waiting for passenger
Baggage control: received baggage info
Baggage control: passenger 29836 is overweight
Baggage control: waiting for passenger
Baggage control: received baggage info
Baggage control: passenger 29837 is not overweight
Baggage control: waiting for passenger
Baggage control: received baggage info
Baggage control: passenger 29837 is not overweight
Baggage control: waiting for passenger
Baggage control: received baggage info
Baggage control: passenger 29838 is not overweight
Baggage control: waiting for passenger
Baggage control: received baggage info
Baggage control: passenger 29838 is not overweight
Baggage control: waiting for passenger
Baggage control: received baggage info
Baggage control: passenger 29839 is not overweight
Baggage control: waiting for passenger
Baggage control: received baggage info
Baggage control: passenger 29839 is not overweight
Baggage control: waiting for passenger
Baggage control: received baggage info
Baggage control: passenger 29840 is overweight
Baggage control: waiting for passenger
Baggage control: received baggage info
Baggage control: passenger 29840 is overweight
Baggage control: waiting for passenger
Baggage control: received baggage info
Baggage control: passenger 29841 is not overweight
Baggage control: waiting for passenger
Baggage control: received baggage info
Baggage control: passenger 29841 is not overweight
Baggage control: waiting for passenger
Baggage control: received baggage info
Baggage control: passenger 29853 is overweight
Baggage control: waiting for passenger
Baggage control: received baggage info
Baggage control: passenger 29853 is overweight
Baggage control: waiting for passenger
Baggage control: received baggage info
Baggage control: passenger 29906 is not overweight
Baggage control: waiting for passenger
Baggage control: received baggage info
Baggage control: passenger 29906 is not overweight
Baggage control: waiting for passenger
Baggage control: received baggage info
Baggage control: passenger 29907 is not overweight
Baggage control: waiting for passenger
Baggage control: received baggage info
Baggage control: passenger 29908 is not overweight
Baggage control: waiting for passenger
Baggage control: received baggage info
Baggage control: passenger 29908 is not overweight
Baggage control: waiting for passenger
Baggage control: received baggage info
Baggage control: passenger 29909 is not overweight
Baggage control: waiting for passenger
Baggage control: received baggage info
Baggage control: passenger 29909 is not overweight
Baggage control: waiting for passenger
Baggage control: received baggage info
Baggage control: passenger 29910 is not overweight
Baggage control: waiting for passenger
Baggage control: received baggage info
Baggage control: passenger 29910 is not overweight
Baggage control: waiting for passenger
Baggage control: received baggage info
Baggage control: passenger 29911 is not overweight
Baggage control: waiting for passenger
Baggage control: received baggage info
Baggage control: passenger 29911 is not overweight
Baggage control: waiting for passenger
Baggage control: received baggage info
Baggage control: passenger 29912 is not overweight
Baggage control: waiting for passenger
Baggage control: received baggage info
Baggage control: passenger 29912 is not overweight
Baggage control: waiting for passenger
Baggage control: received baggage info
Baggage control: passenger 29913 is not overweight
Baggage control: waiting for passenger
Baggage control: received baggage info
Baggage control: passenger 29913 is not overweight
Baggage control: waiting for passenger
Baggage control: received baggage info
Baggage control: passenger 29914 is not overweight
Baggage control: waiting for passenger
Baggage control: received baggage info
Baggage control: passenger 29914 is not overweight
Baggage control: waiting for passenger
Baggage control: received baggage info
Baggage control: passenger 29915 is overweight
Baggage control: waiting for passenger
Baggage control: received baggage info
Baggage control: passenger 29916 is overweight
Baggage control: waiting for passenger
Baggage control: received baggage info
Baggage control: passenger 29917 is overweight
Baggage control: waiting for passenger
Baggage control: received baggage info
Baggage control: passenger 29918 is not overweight
Baggage control: waiting for passenger
Baggage control: received baggage info
Baggage control: passenger 29919 is not overweight
Baggage control: waiting for passenger
Baggage control: received baggage info
Baggage control: passenger 29920 is not overweight
Baggage control: waiting for passenger
Baggage control: received baggage info
Baggage control: passenger 29921 is not overweight
Baggage control: waiting for passenger
Baggage control: received baggage info
Baggage control: passenger 29922 is overweight
Baggage control: waiting for passenger
Baggage control: received baggage info
Baggage control: passenger 29923 is not overweight
Baggage control: waiting for passenger
Baggage control: received baggage info
Baggage control: passenger 29923 is not overweight
Baggage control: waiting for passenger
Baggage control: received baggage info
Baggage control: passenger 29924 is not overweight
Baggage control: waiting for passenger
Baggage control: received baggage info
Baggage control: passenger 29924 is not overweight
Baggage control: waiting for passenger
Baggage control: received baggage info
Baggage control: passenger 29925 is not overweight
Baggage control: waiting for passenger
Baggage control: received baggage info
Baggage control: passenger 29925 is not overweight
Baggage control: waiting for passenger
Baggage control: received baggage info
Baggage control: passenger 29926 is not overweight
Baggage control: waiting for passenger
Baggage control: received baggage info
Baggage control: passenger 29927 is overweight
Baggage control: waiting for passenger
Baggage control: received baggage info
Baggage control: passenger 29928 is overweight
Baggage control: waiting for passenger
Baggage control: received baggage info
Baggage control: passenger 29928 is overweight
Baggage control: waiting for passenger
Baggage control: received baggage info
Baggage control: passenger 29929 is not overweight
Baggage control: waiting for passenger
Baggage control: received baggage info
Baggage control: passenger 29929 is not overweight
Baggage control: waiting for passenger
Baggage control: received baggage info
Baggage control: passenger 29993 is not overweight
Baggage control: waiting for passenger
Baggage control: received baggage info
Baggage control: passenger 29993 is not overweight
Baggage control: waiting for passenger
Baggage control: received baggage info
Baggage control: passenger 29994 is not overweight
Baggage control: waiting for passenger
Baggage control: received baggage info
Baggage control: passenger 29994 is not overweight
Baggage control: waiting for passenger
Baggage control: received baggage info
Baggage control: passenger 29995 is overweight
Baggage control: waiting for passenger
Baggage control: received baggage info
Baggage control: passenger 29995 is overweight
Baggage control: waiting for passenger
Baggage control: received baggage info
Baggage control: passenger 29996 is overweight
Baggage control: waiting for passenger
Baggage control: received baggage info
Baggage control: passenger 29996 is overweight
Baggage control: waiting for passenger
Baggage control: received baggage info
Baggage control: passenger 29997 is not overweight
Baggage control: waiting for passenger
Baggage control: received baggage info
Baggage control: passenger 29997 is not overweight
Baggage control: waiting for passenger
Baggage control: received baggage info
Baggage control: passenger 29998 is not overweight
Baggage control: waiting for passenger
Baggage control: received baggage info
Baggage control: passenger 29999 is not overweight
Baggage control: waiting for passenger
Baggage control: received baggage info
Baggage control: passenger 29999 is not overweight
Baggage control: waiting for passenger
Baggage control: received baggage info
Baggage control: passenger 30000 is not overweight
Baggage control: waiting for passenger
Baggage control: received baggage info
Baggage control: passenger 30000 is not overweight
Baggage control: waiting for passenger
Baggage control: received baggage info
Baggage control: passenger 30001 is not overweight
Baggage control: waiting for passenger
Baggage control: received baggage info
Baggage control: passenger 30002 is not overweight
Baggage control: waiting for passenger
Baggage control: received baggage info
Baggage control: passenger 30002 is not overweight
Baggage control: waiting for passenger
Baggage control: received baggage info
Baggage control: passenger 30003 is not overweight
Baggage control: waiting for passenger
Baggage control: received baggage info
Baggage control: passenger 30003 is not overweight
Baggage control: waiting for passenger
Baggage control: received baggage info
Baggage control: passenger 30004 is overweight
Baggage control: waiting for passenger
Baggage control: received baggage info
Baggage control: passenger 30004 is overweight
Baggage control: waiting for passenger
Baggage control: received baggage info
Baggage control: passenger 30005 is not overweight
Baggage control: waiting for passenger
Baggage control: received baggage info
Baggage control: passenger 30005 is not overweight
Baggage control: waiting for passenger
Baggage control: received baggage info
Baggage control: passenger 30006 is not overweight
Baggage control: waiting for passenger
Baggage control: received baggage info
Baggage control: passenger 30006 is not overweight
Baggage control: waiting for passenger
Baggage control: received baggage info
Baggage control: passenger 30007 is not overweight
Baggage control: waiting for passenger
Baggage control: received baggage info
Baggage control: passenger 30007 is not overweight
Baggage control: waiting for passenger
Baggage control: received baggage info
Baggage control: passenger 30008 is not overweight
Baggage control: waiting for passenger
Baggage control: received baggage info
Baggage control: passenger 30008 is not overweight
Baggage control: waiting for passenger
Baggage control: received baggage info
Baggage control: passenger 30009 is not overweight
Baggage control: waiting for passenger
Baggage control: received baggage info
Baggage control: passenger 30009 is not overweight
Baggage control: waiting for passenger
Baggage control: received baggage info
Baggage control: passenger 30010 is not overweight
Baggage control: waiting for passenger
Baggage control: received baggage info
Baggage control: passenger 30011 is not overweight
Baggage control: waiting for passenger
Baggage control: received baggage info
Baggage control: passenger 30011 is not overweight
Baggage control: waiting for passenger
Baggage control: received baggage info
Baggage control: passenger 30012 is not overweight
Baggage control: waiting for passenger
Baggage control: received baggage info
Baggage control: passenger 30012 is not overweight
Baggage control: waiting for passenger
Baggage control: received baggage info
Baggage control: passenger 30013 is not overweight
Baggage control: waiting for passenger
Baggage control: received baggage info
Baggage control: passenger 30013 is not overweight
Baggage control: waiting for passenger
Baggage control: received baggage info
Baggage control: passenger 30077 is not overweight
Baggage control: waiting for passenger
Baggage control: received baggage info
Baggage control: passenger 30077 is not overweight
Baggage control: waiting for passenger
Baggage control: received baggage info
Baggage control: passenger 30078 is not overweight
Baggage control: waiting for passenger
Baggage control: received baggage info
Baggage control: passenger 30078 is not overweight
Baggage control: waiting for passenger
Baggage control: received baggage info
Baggage control: passenger 30079 is not overweight
Baggage control: waiting for passenger
Baggage control: received baggage info
Baggage control: passenger 30079 is not overweight
Baggage control: waiting for passenger
Baggage control: received baggage info
Baggage control: passenger 30080 is not overweight
Baggage control: waiting for passenger
Baggage control: received baggage info
Baggage control: passenger 30080 is not overweight
Baggage control: waiting for passenger
Baggage control: received baggage info
Baggage control: passenger 30081 is overweight
Baggage control: waiting for passenger
Baggage control: received baggage info
Baggage control: passenger 30081 is overweight
Baggage control: waiting for passenger
Baggage control: received baggage info
Baggage control: passenger 30082 is not overweight
Baggage control: waiting for passenger
Baggage control: received baggage info
Baggage control: passenger 30082 is not overweight
Baggage control: waiting for passenger
Baggage control: received baggage info
Baggage control: passenger 30083 is overweight
Baggage control: waiting for passenger
Baggage control: received baggage info
Baggage control: passenger 30083 is overweight
Baggage control: waiting for passenger
Baggage control: received baggage info
Baggage control: passenger 30084 is not overweight
Baggage control: waiting for passenger
Baggage control: received baggage info
Baggage control: passenger 30084 is not overweight
Baggage control: waiting for passenger
Baggage control: received baggage info
Baggage control: passenger 30085 is overweight
Baggage control: waiting for passenger
Baggage control: received baggage info
Baggage control: passenger 30085 is overweight
Baggage control: waiting for passenger
Baggage control: received baggage info
Baggage control: passenger 30086 is not overweight
Baggage control: waiting for passenger
Baggage control: received baggage info
Baggage control: passenger 30087 is overweight
Baggage control: waiting for passenger
Baggage control: received baggage info
Baggage control: passenger 30088 is not overweight
Baggage control: waiting for passenger
Baggage control: received baggage info
Baggage control: passenger 30088 is not overweight
Baggage control: waiting for passenger
Baggage control: received baggage info
Baggage control: passenger 30089 is not overweight
Baggage control: waiting for passenger
Baggage control: received baggage info
Baggage control: passenger 30089 is not overweight
Baggage control: waiting for passenger
Baggage control: received baggage info
Baggage control: passenger 30090 is overweight
Baggage control: waiting for passenger
Baggage control: received baggage info
Baggage control: passenger 30090 is overweight
Baggage control: waiting for passenger
Baggage control: received baggage info
Baggage control: passenger 30091 is not overweight
Baggage control: waiting for passenger
Baggage control: received baggage info
Baggage control: passenger 30091 is not overweight
Baggage control: waiting for passenger
Baggage control: received baggage info
Baggage control: passenger 30092 is not overweight
Baggage control: waiting for passenger
Baggage control: received baggage info
Baggage control: passenger 30092 is not overweight
Baggage control: waiting for passenger
Baggage control: received baggage info
Baggage control: passenger 30093 is not overweight
Baggage control: waiting for passenger
Baggage control: received baggage info
Baggage control: passenger 30093 is not overweight
Baggage control: waiting for passenger
Baggage control: received baggage info
Baggage control: passenger 30094 is not overweight
Baggage control: waiting for passenger
Baggage control: received baggage info
Baggage control: passenger 30094 is not overweight
Baggage control: waiting for passenger
Baggage control: received baggage info
Baggage control: passenger 30147 is overweight
Baggage control: waiting for passenger
Baggage control: received baggage info
Baggage control: passenger 30147 is overweight
Baggage control: waiting for passenger
Baggage control: received baggage info
Baggage control: passenger 30159 is not overweight
Baggage control: waiting for passenger
Baggage control: received baggage info
Baggage control: passenger 30159 is not overweight
Baggage control: waiting for passenger
Baggage control: received baggage info
Baggage control: passenger 30160 is not overweight
Baggage control: waiting for passenger
Baggage control: received baggage info
Baggage control: passenger 30160 is not overweight
Baggage control: waiting for passenger
Baggage control: received baggage info
Baggage control: passenger 30161 is not overweight
Baggage control: waiting for passenger
Baggage control: received baggage info
Baggage control: passenger 30161 is not overweight
Baggage control: waiting for passenger
Baggage control: received baggage info
Baggage control: passenger 30162 is not overweight
Baggage control: waiting for passenger
Baggage control: received baggage info
Baggage control: passenger 30162 is not overweight
Baggage control: waiting for passenger
Baggage control: received baggage info
Baggage control: passenger 30163 is not overweight
Baggage control: waiting for passenger
Baggage control: received baggage info
Baggage control: passenger 30163 is not overweight
Baggage control: waiting for passenger
Baggage control: received baggage info
Baggage control: passenger 30164 is not overweight
Baggage control: waiting for passenger
Baggage control: received baggage info
Baggage control: passenger 30164 is not overweight
Baggage control: waiting for passenger
Baggage control: received baggage info
Baggage control: passenger 30165 is overweight
Baggage control: waiting for passenger
Baggage control: received baggage info
Baggage control: passenger 30165 is overweight
Baggage control: waiting for passenger
Baggage control: received baggage info
Baggage control: passenger 30166 is not overweight
Baggage control: waiting for passenger
Baggage control: received baggage info
Baggage control: passenger 30166 is not overweight
Baggage control: waiting for passenger
Baggage control: received baggage info
Baggage control: passenger 30167 is not overweight
Baggage control: waiting for passenger
Baggage control: received baggage info
Baggage control: passenger 30167 is not overweight
Baggage control: waiting for passenger
Baggage control: received baggage info
Baggage control: passenger 30168 is not overweight
Baggage control: waiting for passenger
Baggage control: received baggage info
Baggage control: passenger 30168 is not overweight
Baggage control: waiting for passenger
Baggage control: received baggage info
Baggage control: passenger 30169 is overweight
Baggage control: waiting for passenger
Baggage control: received baggage info
Baggage control: passenger 30169 is overweight
Baggage control: waiting for passenger
Baggage control: received baggage info
Baggage control: passenger 30170 is not overweight
Baggage control: waiting for passenger
Baggage control: received baggage info
Baggage control: passenger 30170 is not overweight
Baggage control: waiting for passenger
Baggage control: received baggage info
Baggage control: passenger 30171 is not overweight
Baggage control: waiting for passenger
Baggage control: received baggage info
Baggage control: passenger 30171 is not overweight
Baggage control: waiting for passenger
Baggage control: received baggage info
Baggage control: passenger 30172 is not overweight
Baggage control: waiting for passenger
Baggage control: received baggage info
Baggage control: passenger 30172 is not overweight
Baggage control: waiting for passenger
Baggage control: received baggage info
Baggage control: passenger 30222 is not overweight
Baggage control: waiting for passenger
Baggage control: received baggage info
Baggage control: passenger 30222 is not overweight
Baggage control: waiting for passenger
Baggage control: received baggage info
Baggage control: passenger 30237 is overweight
Baggage control: waiting for passenger
Baggage control: received baggage info
Baggage control: passenger 30237 is overweight
Baggage control: waiting for passenger
Baggage control: received baggage info
Baggage control: passenger 30238 is not overweight
Baggage control: waiting for passenger
Baggage control: received baggage info
Baggage control: passenger 30238 is not overweight
Baggage control: waiting for passenger
Baggage control: received baggage info
Baggage control: passenger 30239 is not overweight
Baggage control: waiting for passenger
Baggage control: received baggage info
Baggage control: passenger 30239 is not overweight
Baggage control: waiting for passenger
Baggage control: received baggage info
Baggage control: passenger 30240 is overweight
Baggage control: waiting for passenger
Baggage control: received baggage info
Baggage control: passenger 30240 is overweight
Baggage control: waiting for passenger
Baggage control: received baggage info
Baggage control: passenger 30241 is not overweight
Baggage control: waiting for passenger
Baggage control: received baggage info
Baggage control: passenger 30241 is not overweight
Baggage control: waiting for passenger
Baggage control: received baggage info
Baggage control: passenger 30242 is not overweight
Baggage control: waiting for passenger
Baggage control: received baggage info
Baggage control: passenger 30242 is not overweight
Baggage control: waiting for passenger
Baggage control: received baggage info
Baggage control: passenger 30243 is not overweight
Baggage control: waiting for passenger
Baggage control: received baggage info
Baggage control: passenger 30243 is not overweight
Baggage control: waiting for passenger
Baggage control: received baggage info
Baggage control: passenger 30244 is not overweight
Baggage control: waiting for passenger
Baggage control: received baggage info
Baggage control: passenger 30244 is not overweight
Baggage control: waiting for passenger
Baggage control: received baggage info
Baggage control: passenger 30245 is overweight
Baggage control: waiting for passenger
Baggage control: received baggage info
Baggage control: passenger 30245 is overweight
Baggage control: waiting for passenger
Baggage control: received baggage info
Baggage control: passenger 30246 is not overweight
Baggage control: waiting for passenger
Baggage control: received baggage info
Baggage control: passenger 30246 is not overweight
Baggage control: waiting for passenger
Baggage control: received baggage info
Baggage control: passenger 30247 is overweight
Baggage control: waiting for passenger
Baggage control: Received signal SIGTERM
