Baggage control: 327270
Security control process: 327271
Main process: 327269
Stairs process: 327272
Dispatcher process: 327273
Init planes
All planes created
Spawn passengers
Spawn passengers: Waiting for 64 ms
Spawn passengers: Waiting for 38 ms
Spawn passengers: Waiting for 40 ms
Spawn passengers: Waiting for 21 ms
Spawn passengers: Waiting for 5 ms
Spawn passengers: Waiting for 17 ms
Spawn passengers: Waiting for 85 ms
Spawn passengers: Waiting for 29 ms
Spawn passengers: Waiting for 79 ms
Spawn passengers: Waiting for 17 ms
Spawn passengers: Waiting for 0 ms
Spawn passengers: Waiting for 89 ms
Spawn passengers: Waiting for 30 ms
Spawn passengers: Waiting for 22 ms
Spawn passengers: Waiting for 24 ms
Spawn passengers: Waiting for 5 ms
Spawn passengers: Waiting for 48 ms
Spawn passengers: Waiting for 62 ms
Spawn passengers: Waiting for 16 ms
Spawn passengers: Waiting for 91 ms
Spawn passengers: Waiting for 88 ms
Spawn passengers: Waiting for 99 ms
Spawn passengers: Waiting for 57 ms
Spawn passengers: Waiting for 94 ms
Spawn passengers: Waiting for 30 ms
Spawn passengers: Waiting for 63 ms
Spawn passengers: Waiting for 45 ms
Spawn passengers: Waiting for 19 ms
Spawn passengers: Waiting for 85 ms
Spawn passengers: Waiting for 24 ms
Spawn passengers: Waiting for 70 ms
Spawn passengers: Waiting for 13 ms
Spawn passengers: Waiting for 98 ms
Spawn passengers: Waiting for 58 ms
Spawn passengers: Waiting for 16 ms
Spawn passengers: Waiting for 61 ms
Spawn passengers: Waiting for 13 ms
Spawn passengers: Waiting for 44 ms
Spawn passengers: Waiting for 65 ms
Spawn passengers: Waiting for 71 ms
Spawn passengers: Waiting for 20 ms
Spawn passengers: Waiting for 50 ms
Spawn passengers: Waiting for 37 ms
Spawn passengers: Waiting for 45 ms
Spawn passengers: Waiting for 30 ms
Spawn passengers: Waiting for 77 ms
Spawn passengers: Waiting for 56 ms
Spawn passengers: Waiting for 88 ms
Spawn passengers: Waiting for 75 ms
Spawn passengers: Waiting for 21 ms
Spawn passengers: Waiting for 89 ms
Spawn passengers: Waiting for 1 ms
Spawn passengers: Waiting for 68 ms
Spawn passengers: Waiting for 97 ms
Spawn passengers: Waiting for 63 ms
Spawn passengers: Waiting for 43 ms
Spawn passengers: Waiting for 56 ms
Spawn passengers: Waiting for 41 ms
Spawn passengers: Waiting for 45 ms
Spawn passengers: Waiting for 37 ms
Spawn passengers: Waiting for 3 ms
Spawn passengers: Waiting for 69 ms
Spawn passengers: Waiting for 70 ms
Spawn passengers: Waiting for 88 ms
Spawn passengers: Waiting for 82 ms
Spawn passengers: Waiting for 28 ms
Spawn passengers: Waiting for 19 ms
Spawn passengers: Waiting for 37 ms
Spawn passengers: Waiting for 14 ms
Spawn passengers: Waiting for 75 ms
Spawn passengers: Waiting for 40 ms
Spawn passengers: Waiting for 4 ms
Spawn passengers: Waiting for 71 ms
Spawn passengers: Waiting for 88 ms
Spawn passengers: Waiting for 20 ms
Spawn passengers: Waiting for 51 ms
Spawn passengers: Waiting for 64 ms
Spawn passengers: Waiting for 15 ms
Spawn passengers: Waiting for 28 ms
Spawn passengers: Waiting for 2 ms
Spawn passengers: Waiting for 45 ms
Spawn passengers: Waiting for 34 ms
Spawn passengers: Waiting for 29 ms
Spawn passengers: Waiting for 48 ms
Spawn passengers: Waiting for 55 ms
Spawn passengers: Waiting for 99 ms
Spawn passengers: Waiting for 27 ms
Spawn passengers: Waiting for 18 ms
Spawn passengers: Waiting for 99 ms
Spawn passengers: Waiting for 21 ms
Spawn passengers: Waiting for 88 ms
Spawn passengers: Waiting for 74 ms
Spawn passengers: Waiting for 92 ms
Spawn passengers: Waiting for 96 ms
Spawn passengers: Waiting for 38 ms
Spawn passengers: Waiting for 93 ms
Spawn passengers: Waiting for 7 ms
Spawn passengers: Waiting for 63 ms
Spawn passengers: Waiting for 83 ms
Spawn passengers: Waiting for 98 ms
Spawn passengers: Waiting for 45 ms
Spawn passengers: Waiting for 0 ms
Spawn passengers: Waiting for 5 ms
Spawn passengers: Waiting for 83 ms
Spawn passengers: Waiting for 17 ms
Spawn passengers: Waiting for 37 ms
Spawn passengers: Waiting for 28 ms
Spawn passengers: Waiting for 48 ms
Spawn passengers: Waiting for 32 ms
Spawn passengers: Waiting for 69 ms
Spawn passengers: Waiting for 65 ms
Spawn passengers: Waiting for 21 ms
Spawn passengers: Waiting for 21 ms
Spawn passengers: Waiting for 95 ms
Spawn passengers: Waiting for 93 ms
Spawn passengers: Waiting for 90 ms
Spawn passengers: Waiting for 43 ms
Spawn passengers: Waiting for 10 ms
Spawn passengers: Waiting for 47 ms
Spawn passengers: Waiting for 7 ms
Spawn passengers: Waiting for 53 ms
Spawn passengers: Waiting for 60 ms
Spawn passengers: Waiting for 27 ms
Spawn passengers: Waiting for 25 ms
Spawn passengers: Waiting for 17 ms
Spawn passengers: Waiting for 97 ms
Spawn passengers: Waiting for 21 ms
Spawn passengers: Waiting for 54 ms
Spawn passengers: Waiting for 72 ms
Spawn passengers: Waiting for 21 ms
Spawn passengers: Waiting for 46 ms
Spawn passengers: Waiting for 10 ms
Spawn passengers: Waiting for 28 ms
Spawn passengers: Waiting for 82 ms
Spawn passengers: Waiting for 40 ms
Spawn passengers: Waiting for 3 ms
Spawn passengers: Waiting for 60 ms
Spawn passengers: Waiting for 67 ms
Spawn passengers: Waiting for 15 ms
Spawn passengers: Waiting for 38 ms
Spawn passengers: Waiting for 88 ms
Spawn passengers: Waiting for 20 ms
Spawn passengers: Waiting for 57 ms
Spawn passengers: Waiting for 3 ms
Spawn passengers: Waiting for 18 ms
Spawn passengers: Waiting for 79 ms
Spawn passengers: Waiting for 55 ms
Spawn passengers: Waiting for 73 ms
Spawn passengers: Waiting for 18 ms
Spawn passengers: Waiting for 81 ms
Spawn passengers: Waiting for 16 ms
Spawn passengers: Waiting for 52 ms
Spawn passengers: Waiting for 52 ms
Spawn passengers: Waiting for 50 ms
Spawn passengers: Waiting for 64 ms
Spawn passengers: Waiting for 90 ms
Spawn passengers: Waiting for 68 ms
Spawn passengers: Waiting for 37 ms
Spawn passengers: Waiting for 94 ms
Spawn passengers: Waiting for 3 ms
Spawn passengers: Waiting for 26 ms
Spawn passengers: Waiting for 11 ms
Spawn passengers: Waiting for 15 ms
Spawn passengers: Waiting for 32 ms
Spawn passengers: Waiting for 39 ms
Spawn passengers: Waiting for 98 ms
Spawn passengers: Waiting for 52 ms
Spawn passengers: Waiting for 100 ms
Spawn passengers: Waiting for 49 ms
Spawn passengers: Waiting for 79 ms
Spawn passengers: Waiting for 77 ms
Spawn passengers: Waiting for 90 ms
Spawn passengers: Waiting for 99 ms
Spawn passengers: Waiting for 86 ms
Spawn passengers: Waiting for 18 ms
Spawn passengers: Waiting for 38 ms
Spawn passengers: Waiting for 58 ms
Spawn passengers: Waiting for 50 ms
Spawn passengers: Waiting for 66 ms
Spawn passengers: Waiting for 53 ms
Spawn passengers: Waiting for 13 ms
Spawn passengers: Waiting for 85 ms
Spawn passengers: Waiting for 0 ms
Spawn passengers: Waiting for 94 ms
Spawn passengers: Waiting for 50 ms
Spawn passengers: Waiting for 34 ms
Spawn passengers: Waiting for 15 ms
Spawn passengers: Waiting for 0 ms
Spawn passengers: Waiting for 49 ms
Spawn passengers: Waiting for 81 ms
Spawn passengers: Waiting for 95 ms
Spawn passengers: Waiting for 31 ms
Spawn passengers: Waiting for 18 ms
Spawn passengers: Waiting for 52 ms
Spawn passengers: Waiting for 60 ms
Spawn passengers: Waiting for 29 ms
Spawn passengers: Waiting for 32 ms
Spawn passengers: Waiting for 57 ms
Spawn passengers: Waiting for 23 ms
Spawn passengers: Waiting for 41 ms
Spawn passengers: Waiting for 58 ms
Spawn passengers: Waiting for 56 ms
Spawn passengers: Waiting for 44 ms
Spawn passengers: Waiting for 76 ms
Spawn passengers: Waiting for 54 ms
Spawn passengers: Waiting for 63 ms
Spawn passengers: Waiting for 87 ms
Spawn passengers: Waiting for 4 ms
Spawn passengers: Waiting for 78 ms
Spawn passengers: Waiting for 65 ms
Spawn passengers: Waiting for 32 ms
Spawn passengers: Waiting for 32 ms
Spawn passengers: Waiting for 42 ms
Spawn passengers: Waiting for 9 ms
Spawn passengers: Waiting for 77 ms
Spawn passengers: Waiting for 28 ms
Spawn passengers: Waiting for 78 ms
Spawn passengers: Waiting for 93 ms
Spawn passengers: Waiting for 76 ms
Spawn passengers: Waiting for 79 ms
Spawn passengers: Waiting for 77 ms
Spawn passengers: Waiting for 26 ms
Spawn passengers: Waiting for 2 ms
Spawn passengers: Waiting for 18 ms
Spawn passengers: Waiting for 53 ms
Spawn passengers: Waiting for 9 ms
Spawn passengers: Waiting for 19 ms
Spawn passengers: Waiting for 72 ms
Spawn passengers: Waiting for 68 ms
Spawn passengers: Waiting for 10 ms
Spawn passengers: Waiting for 37 ms
Spawn passengers: Waiting for 11 ms
Spawn passengers: Waiting for 71 ms
Spawn passengers: Waiting for 45 ms
Spawn passengers: Waiting for 38 ms
Spawn passengers: Waiting for 34 ms
Spawn passengers: Waiting for 18 ms
Spawn passengers: Waiting for 27 ms
Spawn passengers: Waiting for 77 ms
Spawn passengers: Waiting for 68 ms
Spawn passengers: Waiting for 11 ms
Spawn passengers: Waiting for 30 ms
Spawn passengers: Waiting for 17 ms
Spawn passengers: Waiting for 6 ms
Spawn passengers: Waiting for 53 ms
Spawn passengers: Waiting for 63 ms
Spawn passengers: Waiting for 73 ms
Spawn passengers: Waiting for 52 ms
Spawn passengers: Waiting for 8 ms
Spawn passengers: Waiting for 20 ms
Spawn passengers: Waiting for 28 ms
Spawn passengers: Waiting for 48 ms
Spawn passengers: Waiting for 58 ms
Spawn passengers: Waiting for 98 ms
Spawn passengers: Waiting for 28 ms
Spawn passengers: Waiting for 39 ms
Spawn passengers: Waiting for 82 ms
Spawn passengers: Waiting for 78 ms
Spawn passengers: Waiting for 39 ms
Spawn passengers: Waiting for 69 ms
Spawn passengers: Waiting for 21 ms
Spawn passengers: Waiting for 39 ms
Spawn passengers: Waiting for 94 ms
Spawn passengers: Waiting for 24 ms
Spawn passengers: Waiting for 73 ms
Spawn passengers: Waiting for 80 ms
Spawn passengers: Waiting for 26 ms
Spawn passengers: Waiting for 82 ms
Spawn passengers: Waiting for 77 ms
Spawn passengers: Waiting for 57 ms
Spawn passengers: Waiting for 62 ms
Spawn passengers: Waiting for 4 ms
Spawn passengers: Waiting for 23 ms
Spawn passengers: Waiting for 84 ms
Spawn passengers: Waiting for 70 ms
Spawn passengers: Waiting for 84 ms
Spawn passengers: Waiting for 63 ms
Spawn passengers: Waiting for 49 ms
Spawn passengers: Waiting for 49 ms
Spawn passengers: Waiting for 30 ms
Spawn passengers: Waiting for 71 ms
Spawn passengers: Waiting for 92 ms
Spawn passengers: Waiting for 29 ms
Spawn passengers: Waiting for 45 ms
Spawn passengers: Waiting for 10 ms
Spawn passengers: Waiting for 0 ms
Spawn passengers: Waiting for 53 ms
Spawn passengers: Waiting for 16 ms
Spawn passengers: Waiting for 81 ms
Spawn passengers: Waiting for 34 ms
Spawn passengers: Waiting for 99 ms
Spawn passengers: Waiting for 38 ms
Spawn passengers: Waiting for 70 ms
Spawn passengers: Waiting for 97 ms
Spawn passengers: Waiting for 6 ms
Spawn passengers: Waiting for 6 ms
Spawn passengers: Waiting for 9 ms
Spawn passengers: Waiting for 50 ms
Spawn passengers: Waiting for 93 ms
Spawn passengers: Waiting for 89 ms
Spawn passengers: Waiting for 12 ms
Spawn passengers: Waiting for 3 ms
Spawn passengers: Waiting for 55 ms
Spawn passengers: Waiting for 47 ms
Spawn passengers: Waiting for 100 ms
Spawn passengers: Waiting for 72 ms
Spawn passengers: Waiting for 14 ms
Spawn passengers: Waiting for 39 ms
Spawn passengers: Waiting for 49 ms
Spawn passengers: Waiting for 90 ms
Spawn passengers: Waiting for 30 ms
Spawn passengers: Waiting for 19 ms
Spawn passengers: Waiting for 21 ms
Spawn passengers: Waiting for 44 ms
Spawn passengers: Waiting for 95 ms
Spawn passengers: Waiting for 50 ms
Spawn passengers: Waiting for 63 ms
Spawn passengers: Waiting for 55 ms
Spawn passengers: Waiting for 65 ms
Spawn passengers: Waiting for 35 ms
Spawn passengers: Waiting for 40 ms
Spawn passengers: Waiting for 75 ms
Spawn passengers: Waiting for 4 ms
Spawn passengers: Waiting for 59 ms
Spawn passengers: Waiting for 91 ms
Spawn passengers: Waiting for 30 ms
Spawn passengers: Waiting for 98 ms
Spawn passengers: Waiting for 83 ms
Spawn passengers: Waiting for 27 ms
Spawn passengers: Waiting for 43 ms
Spawn passengers: Waiting for 76 ms
Spawn passengers: Waiting for 49 ms
Spawn passengers: Waiting for 85 ms
Spawn passengers: Waiting for 9 ms
Spawn passengers: Waiting for 89 ms
Spawn passengers: Waiting for 31 ms
Spawn passengers: Waiting for 78 ms
Spawn passengers: Waiting for 25 ms
Spawn passengers: Waiting for 72 ms
Spawn passengers: Waiting for 55 ms
Spawn passengers: Waiting for 91 ms
Spawn passengers: Waiting for 99 ms
Spawn passengers: Waiting for 69 ms
Spawn passengers: Waiting for 24 ms
Spawn passengers: Waiting for 70 ms
Spawn passengers: Waiting for 39 ms
Spawn passengers: Waiting for 94 ms
Spawn passengers: Waiting for 61 ms
Spawn passengers: Waiting for 17 ms
Spawn passengers: Waiting for 66 ms
Spawn passengers: Waiting for 29 ms
Spawn passengers: Waiting for 75 ms
Spawn passengers: Waiting for 17 ms
Spawn passengers: Waiting for 41 ms
Spawn passengers: Waiting for 29 ms
Spawn passengers: Waiting for 91 ms
Spawn passengers: Waiting for 36 ms
Spawn passengers: Waiting for 14 ms
Spawn passengers: Waiting for 89 ms
Spawn passengers: Waiting for 94 ms
Spawn passengers: Waiting for 14 ms
Spawn passengers: Waiting for 97 ms
Spawn passengers: Waiting for 61 ms
Spawn passengers: Waiting for 81 ms
Spawn passengers: Waiting for 38 ms
Spawn passengers: Waiting for 8 ms
Spawn passengers: Waiting for 28 ms
Spawn passengers: Waiting for 19 ms
Spawn passengers: Waiting for 47 ms
Spawn passengers: Waiting for 31 ms
Spawn passengers: Waiting for 76 ms
Spawn passengers: Waiting for 89 ms
Spawn passengers: Waiting for 39 ms
Spawn passengers: Waiting for 94 ms
Spawn passengers: Waiting for 21 ms
Spawn passengers: Waiting for 43 ms
Spawn passengers: Waiting for 31 ms
Spawn passengers: Waiting for 86 ms
Spawn passengers: Waiting for 44 ms
Spawn passengers: Waiting for 2 ms
Spawn passengers: Waiting for 31 ms
Spawn passengers: Waiting for 56 ms
Spawn passengers: Waiting for 69 ms
Spawn passengers: Waiting for 46 ms
Spawn passengers: Waiting for 21 ms
Spawn passengers: Waiting for 86 ms
Spawn passengers: Waiting for 98 ms
Spawn passengers: Waiting for 79 ms
Spawn passengers: Waiting for 53 ms
Spawn passengers: Waiting for 86 ms
Spawn passengers: Waiting for 80 ms
Spawn passengers: Waiting for 81 ms
Spawn passengers: Waiting for 73 ms
Spawn passengers: Waiting for 42 ms
Spawn passengers: Waiting for 58 ms
Spawn passengers: Waiting for 37 ms
Spawn passengers: Waiting for 88 ms
Spawn passengers: Waiting for 12 ms
Spawn passengers: Waiting for 13 ms
Spawn passengers: Waiting for 11 ms
Spawn passengers: Waiting for 65 ms
Spawn passengers: Waiting for 88 ms
Spawn passengers: Waiting for 26 ms
Spawn passengers: Waiting for 48 ms
Spawn passengers: Waiting for 65 ms
Spawn passengers: Waiting for 34 ms
Spawn passengers: Waiting for 14 ms
Spawn passengers: Waiting for 55 ms
Spawn passengers: Waiting for 96 ms
Spawn passengers: Waiting for 32 ms
Spawn passengers: Waiting for 89 ms
Spawn passengers: Waiting for 44 ms
Spawn passengers: Waiting for 31 ms
Spawn passengers: Waiting for 42 ms
Spawn passengers: Waiting for 35 ms
Spawn passengers: Waiting for 21 ms
Spawn passengers: Waiting for 46 ms
Spawn passengers: Waiting for 76 ms
Spawn passengers: Waiting for 72 ms
Spawn passengers: Waiting for 72 ms
Spawn passengers: Waiting for 64 ms
Spawn passengers: Waiting for 47 ms
Spawn passengers: Waiting for 43 ms
Spawn passengers: Waiting for 2 ms
Spawn passengers: Waiting for 51 ms
Spawn passengers: Waiting for 74 ms
Spawn passengers: Waiting for 70 ms
Spawn passengers: Waiting for 9 ms
Spawn passengers: Waiting for 68 ms
Spawn passengers: Waiting for 10 ms
Spawn passengers: Waiting for 83 ms
Spawn passengers: Waiting for 98 ms
Spawn passengers: Waiting for 46 ms
Spawn passengers: Waiting for 41 ms
Spawn passengers: Waiting for 28 ms
Spawn passengers: Waiting for 14 ms
Spawn passengers: Waiting for 63 ms
Spawn passengers: Waiting for 94 ms
Spawn passengers: Waiting for 100 ms
Spawn passengers: Waiting for 5 ms
Spawn passengers: Waiting for 28 ms
Spawn passengers: Waiting for 64 ms
Spawn passengers: Waiting for 6 ms
Spawn passengers: Waiting for 52 ms
Spawn passengers: Waiting for 0 ms
Spawn passengers: Waiting for 21 ms
Spawn passengers: Waiting for 91 ms
Spawn passengers: Waiting for 41 ms
Spawn passengers: Waiting for 7 ms
Spawn passengers: Waiting for 22 ms
Spawn passengers: Waiting for 72 ms
Spawn passengers: Waiting for 73 ms
Spawn passengers: Waiting for 51 ms
Spawn passengers: Waiting for 26 ms
Spawn passengers: Waiting for 33 ms
Spawn passengers: Waiting for 92 ms
Spawn passengers: Waiting for 15 ms
Spawn passengers: Waiting for 73 ms
Spawn passengers: Waiting for 5 ms
Spawn passengers: Waiting for 70 ms
Spawn passengers: Waiting for 58 ms
Spawn passengers: Waiting for 0 ms
Spawn passengers: Waiting for 51 ms
Spawn passengers: Waiting for 36 ms
Spawn passengers: Waiting for 91 ms
Spawn passengers: Waiting for 29 ms
Spawn passengers: Waiting for 95 ms
Spawn passengers: Waiting for 38 ms
Spawn passengers: Waiting for 19 ms
Spawn passengers: Waiting for 61 ms
Spawn passengers: Waiting for 44 ms
Spawn passengers: Waiting for 63 ms
Spawn passengers: Waiting for 99 ms
Spawn passengers: Waiting for 19 ms
Spawn passengers: Waiting for 37 ms
Spawn passengers: Waiting for 1 ms
Spawn passengers: Waiting for 49 ms
Spawn passengers: Waiting for 47 ms
Spawn passengers: Waiting for 27 ms
Spawn passengers: Waiting for 71 ms
Spawn passengers: Waiting for 7 ms
Spawn passengers: Waiting for 80 ms
Spawn passengers: Waiting for 47 ms
Spawn passengers: Waiting for 76 ms
Spawn passengers: Waiting for 46 ms
Spawn passengers: Waiting for 83 ms
Spawn passengers: Waiting for 40 ms
Spawn passengers: Waiting for 15 ms
Spawn passengers: Waiting for 28 ms
Spawn passengers: Waiting for 42 ms
Spawn passengers: Waiting for 43 ms
Spawn passengers: Waiting for 68 ms
Spawn passengers: Waiting for 60 ms
Spawn passengers: Waiting for 16 ms
Spawn passengers: Waiting for 42 ms
Spawn passengers: Waiting for 13 ms
Spawn passengers: Waiting for 43 ms
Spawn passengers: Waiting for 13 ms
Spawn passengers: Waiting for 97 ms
Spawn passengers: Waiting for 83 ms
Spawn passengers: Waiting for 72 ms
Spawn passengers: Waiting for 31 ms
Spawn passengers: Waiting for 84 ms
Spawn passengers: Waiting for 12 ms
Spawn passengers: Waiting for 19 ms
Spawn passengers: Waiting for 43 ms
Spawn passengers: Waiting for 13 ms
Spawn passengers: Waiting for 67 ms
Spawn passengers: Waiting for 94 ms
Spawn passengers: Waiting for 76 ms
Spawn passengers: Waiting for 60 ms
Spawn passengers: Waiting for 81 ms
Spawn passengers: Waiting for 68 ms
Spawn passengers: Waiting for 50 ms
Spawn passengers: Waiting for 10 ms
Spawn passengers: Waiting for 31 ms
Spawn passengers: Waiting for 57 ms
Spawn passengers: Waiting for 30 ms
Spawn passengers: Waiting for 23 ms
Spawn passengers: Waiting for 75 ms
Spawn passengers: Waiting for 55 ms
Spawn passengers: Waiting for 98 ms
Spawn passengers: Waiting for 87 ms
Spawn passengers: Waiting for 44 ms
Spawn passengers: Waiting for 10 ms
Spawn passengers: Waiting for 85 ms
Spawn passengers: Waiting for 42 ms
Spawn passengers: Waiting for 77 ms
Spawn passengers: Waiting for 82 ms
Spawn passengers: Waiting for 90 ms
Spawn passengers: Waiting for 96 ms
Spawn passengers: Waiting for 56 ms
Spawn passengers: Waiting for 63 ms
Spawn passengers: Waiting for 78 ms
Spawn passengers: Waiting for 62 ms
Spawn passengers: Waiting for 77 ms
Spawn passengers: Waiting for 27 ms
Spawn passengers: Waiting for 67 ms
Spawn passengers: Waiting for 36 ms
Spawn passengers: Waiting for 72 ms
Spawn passengers: Waiting for 20 ms
Spawn passengers: Waiting for 33 ms
Spawn passengers: Waiting for 54 ms
Spawn passengers: Waiting for 29 ms
Spawn passengers: Waiting for 26 ms
Spawn passengers: Waiting for 20 ms
Spawn passengers: Waiting for 32 ms
Spawn passengers: Waiting for 38 ms
Spawn passengers: Waiting for 52 ms
Spawn passengers: Waiting for 77 ms
Spawn passengers: Waiting for 79 ms
Spawn passengers: Waiting for 78 ms
Spawn passengers: Waiting for 45 ms
Spawn passengers: Waiting for 27 ms
Spawn passengers: Waiting for 87 ms
Spawn passengers: Waiting for 17 ms
Spawn passengers: Waiting for 95 ms
Spawn passengers: Waiting for 14 ms
Spawn passengers: Waiting for 46 ms
Spawn passengers: Waiting for 50 ms
Spawn passengers: Waiting for 8 ms
Spawn passengers: Waiting for 54 ms
Spawn passengers: Waiting for 51 ms
Spawn passengers: Waiting for 87 ms
Spawn passengers: Waiting for 86 ms
Spawn passengers: Waiting for 84 ms
Spawn passengers: Waiting for 56 ms
Spawn passengers: Waiting for 15 ms
Spawn passengers: Waiting for 22 ms
Spawn passengers: Waiting for 35 ms
Spawn passengers: Waiting for 10 ms
Spawn passengers: Waiting for 1 ms
Spawn passengers: Waiting for 6 ms
Spawn passengers: Waiting for 46 ms
Spawn passengers: Waiting for 69 ms
Spawn passengers: Waiting for 71 ms
Spawn passengers: Waiting for 49 ms
Spawn passengers: Waiting for 73 ms
Spawn passengers: Waiting for 69 ms
Baggage control: 330528
Security control process: 330529
Main process: 330527
Stairs process: 330530
Init planes
Dispatcher process: 330531
All planes created
Spawn passengers
Spawn passengers: Waiting for 2 ms
Spawn passengers: Waiting for 3 ms
Spawn passengers: Waiting for 13 ms
Spawn passengers: Waiting for 66 ms
Spawn passengers: Waiting for 55 ms
Spawn passengers: Waiting for 89 ms
Spawn passengers: Waiting for 75 ms
Spawn passengers: Waiting for 32 ms
Spawn passengers: Waiting for 40 ms
Spawn passengers: Waiting for 21 ms
Spawn passengers: Waiting for 83 ms
Spawn passengers: Waiting for 98 ms
Spawn passengers: Waiting for 35 ms
Spawn passengers: Waiting for 54 ms
Spawn passengers: Waiting for 28 ms
Spawn passengers: Waiting for 19 ms
Spawn passengers: Waiting for 4 ms
Spawn passengers: Waiting for 70 ms
Spawn passengers: Waiting for 83 ms
Spawn passengers: Waiting for 100 ms
Spawn passengers: Waiting for 89 ms
Spawn passengers: Waiting for 95 ms
Spawn passengers: Waiting for 93 ms
Spawn passengers: Waiting for 74 ms
Spawn passengers: Waiting for 29 ms
Spawn passengers: Waiting for 50 ms
Spawn passengers: Waiting for 50 ms
Spawn passengers: Waiting for 89 ms
Spawn passengers: Waiting for 80 ms
Spawn passengers: Waiting for 40 ms
Spawn passengers: Waiting for 45 ms
Spawn passengers: Waiting for 94 ms
Spawn passengers: Waiting for 34 ms
Spawn passengers: Waiting for 1 ms
Spawn passengers: Waiting for 93 ms
Spawn passengers: Waiting for 89 ms
Spawn passengers: Waiting for 61 ms
Spawn passengers: Waiting for 22 ms
Spawn passengers: Waiting for 100 ms
Spawn passengers: Waiting for 21 ms
Spawn passengers: Waiting for 40 ms
Spawn passengers: Waiting for 2 ms
Spawn passengers: Waiting for 93 ms
Spawn passengers: Waiting for 97 ms
Spawn passengers: Waiting for 72 ms
Spawn passengers: Waiting for 4 ms
Spawn passengers: Waiting for 72 ms
Spawn passengers: Waiting for 55 ms
Spawn passengers: Waiting for 44 ms
Spawn passengers: Waiting for 33 ms
Spawn passengers: Waiting for 85 ms
Spawn passengers: Waiting for 14 ms
Spawn passengers: Waiting for 37 ms
Spawn passengers: Waiting for 13 ms
Spawn passengers: Waiting for 59 ms
Spawn passengers: Waiting for 55 ms
Spawn passengers: Waiting for 96 ms
Spawn passengers: Waiting for 19 ms
Spawn passengers: Waiting for 24 ms
Spawn passengers: Waiting for 49 ms
Spawn passengers: Waiting for 34 ms
Spawn passengers: Waiting for 49 ms
Spawn passengers: Waiting for 30 ms
Spawn passengers: Waiting for 37 ms
Spawn passengers: Waiting for 70 ms
Spawn passengers: Waiting for 32 ms
Spawn passengers: Waiting for 20 ms
Spawn passengers: Waiting for 6 ms
Spawn passengers: Waiting for 50 ms
Spawn passengers: Waiting for 34 ms
Spawn passengers: Waiting for 59 ms
Spawn passengers: Waiting for 72 ms
Spawn passengers: Waiting for 17 ms
Spawn passengers: Waiting for 32 ms
Spawn passengers: Waiting for 22 ms
Spawn passengers: Waiting for 86 ms
Spawn passengers: Waiting for 25 ms
Spawn passengers: Waiting for 9 ms
Spawn passengers: Waiting for 92 ms
Spawn passengers: Waiting for 5 ms
Spawn passengers: Waiting for 56 ms
Spawn passengers: Waiting for 89 ms
Spawn passengers: Waiting for 72 ms
Spawn passengers: Waiting for 51 ms
Spawn passengers: Waiting for 18 ms
Spawn passengers: Waiting for 55 ms
Spawn passengers: Waiting for 11 ms
Spawn passengers: Waiting for 40 ms
Spawn passengers: Waiting for 80 ms
Spawn passengers: Waiting for 24 ms
Spawn passengers: Waiting for 2 ms
Spawn passengers: Waiting for 90 ms
Spawn passengers: Waiting for 93 ms
Spawn passengers: Waiting for 17 ms
Spawn passengers: Waiting for 45 ms
Spawn passengers: Waiting for 22 ms
Spawn passengers: Waiting for 15 ms
Spawn passengers: Waiting for 53 ms
Spawn passengers: Waiting for 60 ms
Spawn passengers: Waiting for 86 ms
Spawn passengers: Waiting for 55 ms
Spawn passengers: Waiting for 69 ms
Spawn passengers: Waiting for 3 ms
Spawn passengers: Waiting for 49 ms
Spawn passengers: Waiting for 52 ms
Spawn passengers: Waiting for 27 ms
Spawn passengers: Waiting for 52 ms
Spawn passengers: Waiting for 41 ms
Spawn passengers: Waiting for 47 ms
Spawn passengers: Waiting for 18 ms
Spawn passengers: Waiting for 73 ms
Spawn passengers: Waiting for 97 ms
Spawn passengers: Waiting for 22 ms
Spawn passengers: Waiting for 75 ms
Spawn passengers: Waiting for 42 ms
Spawn passengers: Waiting for 60 ms
Spawn passengers: Waiting for 74 ms
Spawn passengers: Waiting for 37 ms
Spawn passengers: Waiting for 2 ms
Spawn passengers: Waiting for 69 ms
Spawn passengers: Waiting for 99 ms
Spawn passengers: Waiting for 18 ms
Spawn passengers: Waiting for 94 ms
Spawn passengers: Waiting for 64 ms
Spawn passengers: Waiting for 92 ms
Spawn passengers: Waiting for 89 ms
Spawn passengers: Waiting for 11 ms
Spawn passengers: Waiting for 41 ms
Spawn passengers: Waiting for 28 ms
Spawn passengers: Waiting for 4 ms
Spawn passengers: Waiting for 36 ms
Spawn passengers: Waiting for 95 ms
Spawn passengers: Waiting for 11 ms
Spawn passengers: Waiting for 3 ms
Spawn passengers: Waiting for 51 ms
Spawn passengers: Waiting for 82 ms
Spawn passengers: Waiting for 44 ms
Spawn passengers: Waiting for 36 ms
Spawn passengers: Waiting for 14 ms
Spawn passengers: Waiting for 40 ms
Spawn passengers: Waiting for 79 ms
Spawn passengers: Waiting for 64 ms
Spawn passengers: Waiting for 90 ms
Spawn passengers: Waiting for 59 ms
Spawn passengers: Waiting for 78 ms
Spawn passengers: Waiting for 29 ms
Spawn passengers: Waiting for 84 ms
Spawn passengers: Waiting for 76 ms
Spawn passengers: Waiting for 97 ms
Spawn passengers: Waiting for 76 ms
Spawn passengers: Waiting for 8 ms
Spawn passengers: Waiting for 24 ms
Spawn passengers: Waiting for 29 ms
Spawn passengers: Waiting for 98 ms
Spawn passengers: Waiting for 18 ms
Spawn passengers: Waiting for 65 ms
Spawn passengers: Waiting for 57 ms
Spawn passengers: Waiting for 88 ms
Spawn passengers: Waiting for 89 ms
Spawn passengers: Waiting for 54 ms
Spawn passengers: Waiting for 10 ms
Spawn passengers: Waiting for 60 ms
Spawn passengers: Waiting for 12 ms
Spawn passengers: Waiting for 33 ms
Spawn passengers: Waiting for 2 ms
Spawn passengers: Waiting for 52 ms
Spawn passengers: Waiting for 96 ms
Spawn passengers: Waiting for 65 ms
Spawn passengers: Waiting for 74 ms
Spawn passengers: Waiting for 14 ms
Spawn passengers: Waiting for 38 ms
Spawn passengers: Waiting for 7 ms
Spawn passengers: Waiting for 63 ms
Spawn passengers: Waiting for 62 ms
Spawn passengers: Waiting for 12 ms
Spawn passengers: Waiting for 46 ms
Spawn passengers: Waiting for 2 ms
Spawn passengers: Waiting for 31 ms
Spawn passengers: Waiting for 93 ms
Spawn passengers: Waiting for 69 ms
Spawn passengers: Waiting for 51 ms
Spawn passengers: Waiting for 95 ms
Spawn passengers: Waiting for 33 ms
Spawn passengers: Waiting for 54 ms
Spawn passengers: Waiting for 97 ms
Spawn passengers: Waiting for 80 ms
Spawn passengers: Waiting for 98 ms
Spawn passengers: Waiting for 88 ms
Spawn passengers: Waiting for 92 ms
Spawn passengers: Waiting for 81 ms
Spawn passengers: Waiting for 35 ms
Spawn passengers: Waiting for 4 ms
Spawn passengers: Waiting for 95 ms
Spawn passengers: Waiting for 96 ms
Spawn passengers: Waiting for 21 ms
Spawn passengers: Waiting for 34 ms
Spawn passengers: Waiting for 94 ms
Spawn passengers: Waiting for 55 ms
Spawn passengers: Waiting for 11 ms
Spawn passengers: Waiting for 43 ms
Spawn passengers: Waiting for 96 ms
Spawn passengers: Waiting for 8 ms
Spawn passengers: Waiting for 41 ms
Spawn passengers: Waiting for 81 ms
Spawn passengers: Waiting for 16 ms
Spawn passengers: Waiting for 28 ms
Spawn passengers: Waiting for 47 ms
Spawn passengers: Waiting for 45 ms
Spawn passengers: Waiting for 83 ms
Spawn passengers: Waiting for 90 ms
Spawn passengers: Waiting for 71 ms
Spawn passengers: Waiting for 99 ms
Spawn passengers: Waiting for 83 ms
Spawn passengers: Waiting for 8 ms
Spawn passengers: Waiting for 58 ms
Spawn passengers: Waiting for 100 ms
Spawn passengers: Waiting for 17 ms
Spawn passengers: Waiting for 76 ms
Spawn passengers: Waiting for 56 ms
Spawn passengers: Waiting for 4 ms
Spawn passengers: Waiting for 67 ms
Spawn passengers: Waiting for 64 ms
Spawn passengers: Waiting for 9 ms
Spawn passengers: Waiting for 16 ms
Spawn passengers: Waiting for 50 ms
Spawn passengers: Waiting for 27 ms
Spawn passengers: Waiting for 14 ms
Spawn passengers: Waiting for 31 ms
Spawn passengers: Waiting for 68 ms
Spawn passengers: Waiting for 47 ms
Spawn passengers: Waiting for 17 ms
Spawn passengers: Waiting for 84 ms
Spawn passengers: Waiting for 53 ms
Spawn passengers: Waiting for 49 ms
Spawn passengers: Waiting for 72 ms
Spawn passengers: Waiting for 90 ms
Spawn passengers: Waiting for 18 ms
Spawn passengers: Waiting for 12 ms
Spawn passengers: Waiting for 6 ms
Spawn passengers: Waiting for 66 ms
Spawn passengers: Waiting for 27 ms
Spawn passengers: Waiting for 3 ms
Spawn passengers: Waiting for 63 ms
Spawn passengers: Waiting for 29 ms
Spawn passengers: Waiting for 22 ms
Spawn passengers: Waiting for 99 ms
Spawn passengers: Waiting for 79 ms
Spawn passengers: Waiting for 8 ms
Spawn passengers: Waiting for 69 ms
Spawn passengers: Waiting for 99 ms
Spawn passengers: Waiting for 49 ms
Spawn passengers: Waiting for 42 ms
Spawn passengers: Waiting for 58 ms
Spawn passengers: Waiting for 76 ms
Spawn passengers: Waiting for 55 ms
Spawn passengers: Waiting for 62 ms
Spawn passengers: Waiting for 66 ms
Spawn passengers: Waiting for 86 ms
Spawn passengers: Waiting for 54 ms
Spawn passengers: Waiting for 7 ms
Spawn passengers: Waiting for 4 ms
Spawn passengers: Waiting for 86 ms
Spawn passengers: Waiting for 83 ms
Spawn passengers: Waiting for 50 ms
Spawn passengers: Waiting for 38 ms
Spawn passengers: Waiting for 83 ms
Spawn passengers: Waiting for 53 ms
Spawn passengers: Waiting for 84 ms
Spawn passengers: Waiting for 4 ms
Spawn passengers: Waiting for 32 ms
Spawn passengers: Waiting for 47 ms
Spawn passengers: Waiting for 22 ms
Spawn passengers: Waiting for 1 ms
Spawn passengers: Waiting for 79 ms
Spawn passengers: Waiting for 15 ms
Spawn passengers: Waiting for 93 ms
Spawn passengers: Waiting for 47 ms
Spawn passengers: Waiting for 92 ms
Spawn passengers: Waiting for 88 ms
Spawn passengers: Waiting for 32 ms
Spawn passengers: Waiting for 88 ms
Spawn passengers: Waiting for 33 ms
Spawn passengers: Waiting for 42 ms
Spawn passengers: Waiting for 5 ms
Spawn passengers: Waiting for 48 ms
Spawn passengers: Waiting for 63 ms
Spawn passengers: Waiting for 14 ms
Spawn passengers: Waiting for 1 ms
Spawn passengers: Waiting for 20 ms
Spawn passengers: Waiting for 74 ms
Spawn passengers: Waiting for 61 ms
Spawn passengers: Waiting for 21 ms
Spawn passengers: Waiting for 12 ms
Spawn passengers: Waiting for 81 ms
Spawn passengers: Waiting for 27 ms
Spawn passengers: Waiting for 93 ms
Spawn passengers: Waiting for 81 ms
Spawn passengers: Waiting for 99 ms
Spawn passengers: Waiting for 49 ms
Spawn passengers: Waiting for 89 ms
Spawn passengers: Waiting for 9 ms
Spawn passengers: Waiting for 53 ms
Spawn passengers: Waiting for 54 ms
Spawn passengers: Waiting for 84 ms
Spawn passengers: Waiting for 52 ms
Spawn passengers: Waiting for 89 ms
Spawn passengers: Waiting for 96 ms
Spawn passengers: Waiting for 31 ms
Spawn passengers: Waiting for 85 ms
Spawn passengers: Waiting for 21 ms
Spawn passengers: Waiting for 31 ms
Spawn passengers: Waiting for 5 ms
Spawn passengers: Waiting for 43 ms
Spawn passengers: Waiting for 1 ms
Spawn passengers: Waiting for 16 ms
Spawn passengers: Waiting for 51 ms
Spawn passengers: Waiting for 79 ms
Spawn passengers: Waiting for 8 ms
Spawn passengers: Waiting for 58 ms
Spawn passengers: Waiting for 4 ms
Spawn passengers: Waiting for 16 ms
Spawn passengers: Waiting for 31 ms
Spawn passengers: Waiting for 36 ms
Spawn passengers: Waiting for 72 ms
Spawn passengers: Waiting for 45 ms
Spawn passengers: Waiting for 45 ms
Spawn passengers: Waiting for 15 ms
Spawn passengers: Waiting for 25 ms
Spawn passengers: Waiting for 62 ms
Spawn passengers: Waiting for 78 ms
Spawn passengers: Waiting for 40 ms
Spawn passengers: Waiting for 27 ms
Spawn passengers: Waiting for 44 ms
Spawn passengers: Waiting for 41 ms
Spawn passengers: Waiting for 97 ms
Spawn passengers: Waiting for 18 ms
Spawn passengers: Waiting for 71 ms
Spawn passengers: Waiting for 70 ms
Spawn passengers: Waiting for 18 ms
Spawn passengers: Waiting for 7 ms
Spawn passengers: Waiting for 93 ms
Spawn passengers: Waiting for 87 ms
Spawn passengers: Waiting for 78 ms
Spawn passengers: Waiting for 96 ms
Spawn passengers: Waiting for 17 ms
Spawn passengers: Waiting for 97 ms
Spawn passengers: Waiting for 49 ms
Spawn passengers: Waiting for 27 ms
Spawn passengers: Waiting for 52 ms
Spawn passengers: Waiting for 93 ms
Spawn passengers: Waiting for 59 ms
Spawn passengers: Waiting for 48 ms
Spawn passengers: Waiting for 12 ms
Spawn passengers: Waiting for 7 ms
Spawn passengers: Waiting for 88 ms
Spawn passengers: Waiting for 52 ms
Spawn passengers: Waiting for 51 ms
Spawn passengers: Waiting for 26 ms
Spawn passengers: Waiting for 92 ms
Spawn passengers: Waiting for 13 ms
Spawn passengers: Waiting for 64 ms
Spawn passengers: Waiting for 36 ms
Spawn passengers: Waiting for 9 ms
Spawn passengers: Waiting for 61 ms
Spawn passengers: Waiting for 70 ms
Spawn passengers: Waiting for 68 ms
Spawn passengers: Waiting for 46 ms
Spawn passengers: Waiting for 62 ms
Spawn passengers: Waiting for 37 ms
Spawn passengers: Waiting for 96 ms
Spawn passengers: Waiting for 10 ms
Spawn passengers: Waiting for 12 ms
Spawn passengers: Waiting for 75 ms
Spawn passengers: Waiting for 1 ms
Spawn passengers: Waiting for 18 ms
Spawn passengers: Waiting for 79 ms
Spawn passengers: Waiting for 83 ms
Spawn passengers: Waiting for 55 ms
Spawn passengers: Waiting for 1 ms
Spawn passengers: Waiting for 1 ms
Spawn passengers: Waiting for 92 ms
Spawn passengers: Waiting for 21 ms
Spawn passengers: Waiting for 29 ms
Spawn passengers: Waiting for 44 ms
Spawn passengers: Waiting for 18 ms
Spawn passengers: Waiting for 48 ms
Spawn passengers: Waiting for 24 ms
Spawn passengers: Waiting for 91 ms
Spawn passengers: Waiting for 59 ms
Spawn passengers: Waiting for 4 ms
Spawn passengers: Waiting for 18 ms
Spawn passengers: Waiting for 17 ms
Spawn passengers: Waiting for 23 ms
Spawn passengers: Waiting for 1 ms
Spawn passengers: Waiting for 41 ms
Spawn passengers: Waiting for 24 ms
Spawn passengers: Waiting for 57 ms
Spawn passengers: Waiting for 26 ms
Spawn passengers: Waiting for 29 ms
Spawn passengers: Waiting for 79 ms
Spawn passengers: Waiting for 78 ms
Spawn passengers: Waiting for 74 ms
Spawn passengers: Waiting for 54 ms
Spawn passengers: Waiting for 23 ms
Spawn passengers: Waiting for 89 ms
Spawn passengers: Waiting for 16 ms
Spawn passengers: Waiting for 10 ms
Spawn passengers: Waiting for 69 ms
Spawn passengers: Waiting for 14 ms
Spawn passengers: Waiting for 20 ms
Spawn passengers: Waiting for 47 ms
Spawn passengers: Waiting for 20 ms
Spawn passengers: Waiting for 11 ms
Spawn passengers: Waiting for 26 ms
Spawn passengers: Waiting for 43 ms
Spawn passengers: Waiting for 93 ms
Spawn passengers: Waiting for 93 ms
Spawn passengers: Waiting for 44 ms
Spawn passengers: Waiting for 31 ms
Spawn passengers: Waiting for 13 ms
Spawn passengers: Waiting for 35 ms
Spawn passengers: Waiting for 81 ms
Spawn passengers: Waiting for 93 ms
Spawn passengers: Waiting for 68 ms
Spawn passengers: Waiting for 94 ms
Spawn passengers: Waiting for 59 ms
Spawn passengers: Waiting for 99 ms
Spawn passengers: Waiting for 78 ms
Spawn passengers: Waiting for 22 ms
Spawn passengers: Waiting for 42 ms
Spawn passengers: Waiting for 42 ms
Spawn passengers: Waiting for 100 ms
Spawn passengers: Waiting for 82 ms
Spawn passengers: Waiting for 50 ms
Spawn passengers: Waiting for 77 ms
Spawn passengers: Waiting for 33 ms
Spawn passengers: Waiting for 19 ms
Spawn passengers: Waiting for 89 ms
Spawn passengers: Waiting for 66 ms
Spawn passengers: Waiting for 52 ms
Spawn passengers: Waiting for 84 ms
Spawn passengers: Waiting for 100 ms
Spawn passengers: Waiting for 62 ms
Spawn passengers: Waiting for 81 ms
Spawn passengers: Waiting for 65 ms
Spawn passengers: Waiting for 32 ms
Spawn passengers: Waiting for 52 ms
Spawn passengers: Waiting for 76 ms
Spawn passengers: Waiting for 53 ms
Spawn passengers: Waiting for 78 ms
Spawn passengers: Waiting for 47 ms
Spawn passengers: Waiting for 3 ms
Spawn passengers: Waiting for 16 ms
Spawn passengers: Waiting for 14 ms
Spawn passengers: Waiting for 15 ms
Spawn passengers: Waiting for 7 ms
Spawn passengers: Waiting for 10 ms
Spawn passengers: Waiting for 45 ms
Spawn passengers: Waiting for 43 ms
Spawn passengers: Waiting for 17 ms
Spawn passengers: Waiting for 34 ms
Spawn passengers: Waiting for 31 ms
Spawn passengers: Waiting for 84 ms
Spawn passengers: Waiting for 16 ms
Spawn passengers: Waiting for 23 ms
Spawn passengers: Waiting for 57 ms
Spawn passengers: Waiting for 77 ms
Spawn passengers: Waiting for 23 ms
Spawn passengers: Waiting for 91 ms
Spawn passengers: Waiting for 83 ms
Spawn passengers: Waiting for 81 ms
Spawn passengers: Waiting for 95 ms
Spawn passengers: Waiting for 98 ms
Spawn passengers: Waiting for 11 ms
Spawn passengers: Waiting for 97 ms
Spawn passengers: Waiting for 46 ms
Spawn passengers: Waiting for 23 ms
Spawn passengers: Waiting for 91 ms
Spawn passengers: Waiting for 65 ms
Spawn passengers: Waiting for 10 ms
Spawn passengers: Waiting for 39 ms
Spawn passengers: Waiting for 61 ms
Spawn passengers: Waiting for 27 ms
Spawn passengers: Waiting for 18 ms
Spawn passengers: Waiting for 94 ms
Spawn passengers: Waiting for 71 ms
Spawn passengers: Waiting for 66 ms
Spawn passengers: Waiting for 12 ms
Spawn passengers: Waiting for 8 ms
Spawn passengers: Waiting for 93 ms
Spawn passengers: Waiting for 92 ms
Spawn passengers: Waiting for 65 ms
Spawn passengers: Waiting for 98 ms
Spawn passengers: Waiting for 30 ms
Spawn passengers: Waiting for 39 ms
Spawn passengers: Waiting for 59 ms
Spawn passengers: Waiting for 99 ms
Spawn passengers: Waiting for 87 ms
Spawn passengers: Waiting for 6 ms
Spawn passengers: Waiting for 47 ms
Spawn passengers: Received signal SIGTERM
Main: Received signal SIGTERM
Main: Received signal SIGTERM
Main: Received signal SIGTERM
Main: Received signal SIGTERM
Main process: Exiting
Main: Received signal SIGTERM
Main: Received signal SIGTERM
Baggage control: 336531
Security control process: 336532
Main process: 336530
Stairs process: 336533
Init planes
Dispatcher process: 336534
All planes created
Spawn passengers
Spawn passengers: Waiting for 65 ms
Spawn passengers: Waiting for 44 ms
Spawn passengers: Waiting for 97 ms
Spawn passengers: Waiting for 64 ms
Spawn passengers: Waiting for 25 ms
Spawn passengers: Waiting for 34 ms
Spawn passengers: Waiting for 84 ms
Spawn passengers: Waiting for 89 ms
Spawn passengers: Waiting for 100 ms
Spawn passengers: Waiting for 94 ms
Spawn passengers: Waiting for 73 ms
Spawn passengers: Waiting for 85 ms
Spawn passengers: Waiting for 38 ms
Spawn passengers: Waiting for 12 ms
Spawn passengers: Waiting for 43 ms
Spawn passengers: Waiting for 78 ms
Spawn passengers: Waiting for 98 ms
Spawn passengers: Waiting for 95 ms
Spawn passengers: Waiting for 92 ms
Spawn passengers: Waiting for 35 ms
Spawn passengers: Waiting for 81 ms
Spawn passengers: Waiting for 64 ms
Spawn passengers: Waiting for 53 ms
Spawn passengers: Waiting for 31 ms
Spawn passengers: Waiting for 33 ms
Spawn passengers: Waiting for 42 ms
Spawn passengers: Waiting for 8 ms
Spawn passengers: Waiting for 79 ms
Spawn passengers: Waiting for 25 ms
Spawn passengers: Waiting for 20 ms
Spawn passengers: Waiting for 28 ms
Spawn passengers: Waiting for 37 ms
Spawn passengers: Waiting for 4 ms
Spawn passengers: Waiting for 77 ms
Spawn passengers: Waiting for 51 ms
Spawn passengers: Waiting for 88 ms
Spawn passengers: Waiting for 7 ms
Spawn passengers: Waiting for 44 ms
Spawn passengers: Waiting for 49 ms
Spawn passengers: Waiting for 56 ms
Spawn passengers: Waiting for 49 ms
Spawn passengers: Waiting for 56 ms
Spawn passengers: Waiting for 83 ms
Spawn passengers: Waiting for 14 ms
Spawn passengers: Waiting for 49 ms
Spawn passengers: Waiting for 25 ms
Spawn passengers: Waiting for 74 ms
Spawn passengers: Waiting for 94 ms
Spawn passengers: Waiting for 54 ms
Spawn passengers: Waiting for 87 ms
Spawn passengers: Waiting for 11 ms
Spawn passengers: Waiting for 30 ms
Spawn passengers: Waiting for 25 ms
Spawn passengers: Waiting for 5 ms
Spawn passengers: Waiting for 15 ms
Spawn passengers: Waiting for 5 ms
Spawn passengers: Waiting for 1 ms
Spawn passengers: Waiting for 7 ms
Spawn passengers: Waiting for 74 ms
Spawn passengers: Waiting for 55 ms
Spawn passengers: Waiting for 96 ms
Spawn passengers: Waiting for 50 ms
Spawn passengers: Waiting for 74 ms
Spawn passengers: Waiting for 29 ms
Spawn passengers: Waiting for 21 ms
Spawn passengers: Waiting for 75 ms
Spawn passengers: Waiting for 57 ms
Spawn passengers: Waiting for 23 ms
Spawn passengers: Waiting for 66 ms
Spawn passengers: Waiting for 24 ms
Spawn passengers: Waiting for 8 ms
Spawn passengers: Waiting for 27 ms
Spawn passengers: Waiting for 23 ms
Spawn passengers: Waiting for 49 ms
Spawn passengers: Waiting for 3 ms
Spawn passengers: Waiting for 98 ms
Spawn passengers: Waiting for 79 ms
Spawn passengers: Waiting for 0 ms
Spawn passengers: Waiting for 43 ms
Spawn passengers: Waiting for 28 ms
Spawn passengers: Waiting for 74 ms
Spawn passengers: Waiting for 7 ms
Spawn passengers: Waiting for 49 ms
Spawn passengers: Waiting for 90 ms
Spawn passengers: Waiting for 36 ms
Spawn passengers: Waiting for 38 ms
Spawn passengers: Waiting for 22 ms
Spawn passengers: Waiting for 85 ms
Spawn passengers: Waiting for 35 ms
Spawn passengers: Waiting for 24 ms
Spawn passengers: Waiting for 54 ms
Spawn passengers: Waiting for 36 ms
Spawn passengers: Waiting for 55 ms
Spawn passengers: Waiting for 68 ms
Spawn passengers: Waiting for 95 ms
Spawn passengers: Waiting for 55 ms
Spawn passengers: Waiting for 79 ms
Spawn passengers: Waiting for 31 ms
Spawn passengers: Waiting for 4 ms
Spawn passengers: Waiting for 32 ms
Spawn passengers: Waiting for 71 ms
Spawn passengers: Waiting for 76 ms
Spawn passengers: Waiting for 78 ms
Spawn passengers: Waiting for 65 ms
Spawn passengers: Waiting for 72 ms
Spawn passengers: Waiting for 71 ms
Spawn passengers: Waiting for 38 ms
Spawn passengers: Waiting for 35 ms
Spawn passengers: Waiting for 40 ms
Spawn passengers: Waiting for 46 ms
Spawn passengers: Waiting for 42 ms
Spawn passengers: Waiting for 20 ms
Spawn passengers: Waiting for 69 ms
Spawn passengers: Waiting for 62 ms
Spawn passengers: Waiting for 96 ms
Spawn passengers: Waiting for 35 ms
Spawn passengers: Waiting for 42 ms
Spawn passengers: Waiting for 100 ms
Spawn passengers: Waiting for 58 ms
Spawn passengers: Waiting for 90 ms
Spawn passengers: Waiting for 100 ms
Spawn passengers: Waiting for 18 ms
Spawn passengers: Waiting for 0 ms
Spawn passengers: Waiting for 39 ms
Spawn passengers: Waiting for 59 ms
Spawn passengers: Waiting for 85 ms
Spawn passengers: Waiting for 96 ms
Spawn passengers: Waiting for 79 ms
Spawn passengers: Waiting for 8 ms
Spawn passengers: Waiting for 21 ms
Spawn passengers: Waiting for 54 ms
Spawn passengers: Waiting for 9 ms
Spawn passengers: Waiting for 12 ms
Spawn passengers: Waiting for 99 ms
Spawn passengers: Waiting for 85 ms
Spawn passengers: Waiting for 27 ms
Spawn passengers: Waiting for 14 ms
Spawn passengers: Waiting for 55 ms
Spawn passengers: Waiting for 70 ms
Spawn passengers: Waiting for 51 ms
Spawn passengers: Waiting for 30 ms
Spawn passengers: Waiting for 91 ms
Spawn passengers: Waiting for 96 ms
Spawn passengers: Waiting for 98 ms
Spawn passengers: Waiting for 70 ms
Spawn passengers: Waiting for 61 ms
Spawn passengers: Waiting for 82 ms
Spawn passengers: Waiting for 6 ms
Spawn passengers: Waiting for 58 ms
Spawn passengers: Waiting for 23 ms
Spawn passengers: Waiting for 45 ms
Spawn passengers: Waiting for 43 ms
Spawn passengers: Waiting for 21 ms
Spawn passengers: Waiting for 71 ms
Spawn passengers: Waiting for 22 ms
Spawn passengers: Waiting for 54 ms
Spawn passengers: Waiting for 72 ms
Spawn passengers: Waiting for 65 ms
Spawn passengers: Waiting for 68 ms
Spawn passengers: Waiting for 79 ms
Spawn passengers: Waiting for 92 ms
Spawn passengers: Waiting for 36 ms
Spawn passengers: Waiting for 50 ms
Spawn passengers: Waiting for 12 ms
Spawn passengers: Waiting for 69 ms
Spawn passengers: Waiting for 13 ms
Spawn passengers: Waiting for 27 ms
Spawn passengers: Waiting for 3 ms
Spawn passengers: Waiting for 86 ms
Spawn passengers: Waiting for 90 ms
Spawn passengers: Waiting for 13 ms
Spawn passengers: Waiting for 50 ms
Spawn passengers: Waiting for 10 ms
Spawn passengers: Waiting for 55 ms
Spawn passengers: Waiting for 14 ms
Spawn passengers: Waiting for 37 ms
Spawn passengers: Waiting for 33 ms
Spawn passengers: Waiting for 35 ms
Spawn passengers: Waiting for 0 ms
Spawn passengers: Waiting for 61 ms
Spawn passengers: Waiting for 55 ms
Spawn passengers: Waiting for 68 ms
Spawn passengers: Waiting for 63 ms
Spawn passengers: Waiting for 95 ms
Spawn passengers: Waiting for 44 ms
Spawn passengers: Waiting for 17 ms
Spawn passengers: Waiting for 0 ms
Spawn passengers: Waiting for 74 ms
Spawn passengers: Waiting for 61 ms
Spawn passengers: Waiting for 59 ms
Spawn passengers: Waiting for 47 ms
Spawn passengers: Waiting for 66 ms
Spawn passengers: Waiting for 88 ms
Spawn passengers: Waiting for 22 ms
Spawn passengers: Waiting for 74 ms
Spawn passengers: Waiting for 94 ms
Spawn passengers: Waiting for 33 ms
Spawn passengers: Waiting for 8 ms
Spawn passengers: Waiting for 44 ms
Spawn passengers: Waiting for 24 ms
Spawn passengers: Waiting for 31 ms
Spawn passengers: Waiting for 83 ms
Spawn passengers: Waiting for 96 ms
Spawn passengers: Waiting for 76 ms
Spawn passengers: Waiting for 17 ms
Spawn passengers: Waiting for 93 ms
Spawn passengers: Waiting for 93 ms
Spawn passengers: Waiting for 54 ms
Spawn passengers: Waiting for 98 ms
Spawn passengers: Waiting for 16 ms
Spawn passengers: Waiting for 75 ms
Spawn passengers: Waiting for 79 ms
Spawn passengers: Waiting for 68 ms
Spawn passengers: Waiting for 97 ms
Spawn passengers: Waiting for 84 ms
Spawn passengers: Waiting for 56 ms
Spawn passengers: Waiting for 21 ms
Spawn passengers: Waiting for 35 ms
Spawn passengers: Waiting for 6 ms
Spawn passengers: Waiting for 30 ms
Spawn passengers: Waiting for 93 ms
Spawn passengers: Waiting for 99 ms
Spawn passengers: Waiting for 71 ms
Spawn passengers: Waiting for 3 ms
Spawn passengers: Waiting for 27 ms
Spawn passengers: Waiting for 12 ms
Spawn passengers: Waiting for 76 ms
Spawn passengers: Waiting for 58 ms
Spawn passengers: Waiting for 88 ms
Spawn passengers: Waiting for 33 ms
Spawn passengers: Waiting for 35 ms
Spawn passengers: Waiting for 43 ms
Spawn passengers: Waiting for 92 ms
Spawn passengers: Waiting for 46 ms
Spawn passengers: Waiting for 75 ms
Spawn passengers: Waiting for 29 ms
Spawn passengers: Waiting for 73 ms
Spawn passengers: Waiting for 5 ms
Spawn passengers: Waiting for 10 ms
Spawn passengers: Waiting for 42 ms
Spawn passengers: Waiting for 61 ms
Spawn passengers: Waiting for 10 ms
Spawn passengers: Waiting for 79 ms
Spawn passengers: Waiting for 53 ms
Spawn passengers: Waiting for 61 ms
Spawn passengers: Waiting for 52 ms
Spawn passengers: Waiting for 56 ms
Spawn passengers: Waiting for 22 ms
Spawn passengers: Waiting for 55 ms
Spawn passengers: Waiting for 15 ms
Spawn passengers: Waiting for 47 ms
Spawn passengers: Waiting for 28 ms
Spawn passengers: Waiting for 67 ms
Spawn passengers: Waiting for 53 ms
Spawn passengers: Waiting for 10 ms
Spawn passengers: Waiting for 46 ms
Spawn passengers: Waiting for 72 ms
Spawn passengers: Waiting for 30 ms
Spawn passengers: Waiting for 83 ms
Spawn passengers: Waiting for 9 ms
Spawn passengers: Waiting for 74 ms
Spawn passengers: Waiting for 51 ms
Spawn passengers: Waiting for 67 ms
Spawn passengers: Waiting for 98 ms
Spawn passengers: Waiting for 33 ms
Spawn passengers: Waiting for 56 ms
Spawn passengers: Waiting for 79 ms
Spawn passengers: Waiting for 9 ms
Spawn passengers: Waiting for 5 ms
Spawn passengers: Waiting for 93 ms
Spawn passengers: Waiting for 38 ms
Spawn passengers: Waiting for 22 ms
Spawn passengers: Waiting for 97 ms
Spawn passengers: Waiting for 9 ms
Spawn passengers: Waiting for 4 ms
Spawn passengers: Waiting for 22 ms
Spawn passengers: Waiting for 60 ms
Spawn passengers: Waiting for 33 ms
Spawn passengers: Waiting for 45 ms
Spawn passengers: Waiting for 43 ms
Spawn passengers: Waiting for 0 ms
Spawn passengers: Waiting for 48 ms
Spawn passengers: Waiting for 32 ms
Spawn passengers: Waiting for 5 ms
Spawn passengers: Waiting for 26 ms
Spawn passengers: Waiting for 97 ms
Spawn passengers: Waiting for 42 ms
Spawn passengers: Waiting for 2 ms
Spawn passengers: Waiting for 57 ms
Spawn passengers: Waiting for 70 ms
Spawn passengers: Waiting for 47 ms
Spawn passengers: Waiting for 7 ms
Spawn passengers: Waiting for 21 ms
Spawn passengers: Waiting for 12 ms
Spawn passengers: Waiting for 91 ms
Spawn passengers: Waiting for 17 ms
Spawn passengers: Waiting for 47 ms
Spawn passengers: Waiting for 68 ms
Spawn passengers: Waiting for 94 ms
Spawn passengers: Waiting for 97 ms
Spawn passengers: Waiting for 32 ms
Spawn passengers: Waiting for 95 ms
Spawn passengers: Waiting for 17 ms
Spawn passengers: Waiting for 96 ms
Spawn passengers: Waiting for 86 ms
Spawn passengers: Waiting for 40 ms
Spawn passengers: Waiting for 96 ms
Spawn passengers: Waiting for 30 ms
Spawn passengers: Waiting for 50 ms
Spawn passengers: Waiting for 7 ms
Spawn passengers: Waiting for 97 ms
Spawn passengers: Waiting for 22 ms
Spawn passengers: Waiting for 92 ms
Spawn passengers: Waiting for 87 ms
Spawn passengers: Waiting for 12 ms
Spawn passengers: Waiting for 4 ms
Spawn passengers: Waiting for 64 ms
Spawn passengers: Waiting for 62 ms
Spawn passengers: Waiting for 33 ms
Spawn passengers: Waiting for 16 ms
Spawn passengers: Waiting for 53 ms
Spawn passengers: Waiting for 37 ms
Spawn passengers: Waiting for 74 ms
Spawn passengers: Waiting for 96 ms
Spawn passengers: Waiting for 85 ms
Spawn passengers: Waiting for 55 ms
Spawn passengers: Waiting for 52 ms
Spawn passengers: Waiting for 92 ms
Spawn passengers: Waiting for 29 ms
Spawn passengers: Waiting for 9 ms
Spawn passengers: Waiting for 40 ms
Spawn passengers: Waiting for 4 ms
Spawn passengers: Waiting for 61 ms
Spawn passengers: Waiting for 54 ms
Spawn passengers: Waiting for 91 ms
Spawn passengers: Waiting for 36 ms
Spawn passengers: Waiting for 1 ms
Spawn passengers: Waiting for 89 ms
Spawn passengers: Waiting for 3 ms
Spawn passengers: Waiting for 44 ms
Spawn passengers: Waiting for 45 ms
Spawn passengers: Waiting for 37 ms
Spawn passengers: Waiting for 91 ms
Spawn passengers: Waiting for 49 ms
Spawn passengers: Waiting for 12 ms
Spawn passengers: Waiting for 31 ms
Spawn passengers: Waiting for 32 ms
Spawn passengers: Waiting for 98 ms
Spawn passengers: Waiting for 7 ms
Spawn passengers: Waiting for 9 ms
Spawn passengers: Waiting for 35 ms
Spawn passengers: Waiting for 93 ms
Spawn passengers: Waiting for 93 ms
Spawn passengers: Waiting for 42 ms
Spawn passengers: Waiting for 86 ms
Spawn passengers: Waiting for 26 ms
Spawn passengers: Waiting for 32 ms
Spawn passengers: Waiting for 35 ms
Spawn passengers: Waiting for 39 ms
Spawn passengers: Waiting for 8 ms
Spawn passengers: Waiting for 40 ms
Spawn passengers: Waiting for 81 ms
Spawn passengers: Waiting for 57 ms
Spawn passengers: Waiting for 97 ms
Spawn passengers: Waiting for 7 ms
Spawn passengers: Waiting for 58 ms
Spawn passengers: Waiting for 9 ms
Spawn passengers: Waiting for 47 ms
Spawn passengers: Waiting for 5 ms
Spawn passengers: Waiting for 25 ms
Spawn passengers: Waiting for 55 ms
Spawn passengers: Waiting for 4 ms
Spawn passengers: Waiting for 18 ms
Spawn passengers: Waiting for 75 ms
Spawn passengers: Waiting for 32 ms
Spawn passengers: Waiting for 3 ms
Spawn passengers: Waiting for 19 ms
Spawn passengers: Waiting for 67 ms
Spawn passengers: Waiting for 75 ms
Spawn passengers: Waiting for 24 ms
Spawn passengers: Waiting for 94 ms
Spawn passengers: Waiting for 50 ms
Spawn passengers: Waiting for 84 ms
Spawn passengers: Waiting for 84 ms
Spawn passengers: Waiting for 10 ms
Spawn passengers: Waiting for 98 ms
Spawn passengers: Waiting for 90 ms
Spawn passengers: Waiting for 75 ms
Spawn passengers: Waiting for 47 ms
Spawn passengers: Waiting for 64 ms
Spawn passengers: Waiting for 59 ms
Spawn passengers: Waiting for 79 ms
Spawn passengers: Waiting for 81 ms
Spawn passengers: Waiting for 36 ms
Spawn passengers: Waiting for 43 ms
Spawn passengers: Waiting for 43 ms
Spawn passengers: Waiting for 80 ms
Spawn passengers: Waiting for 19 ms
Spawn passengers: Waiting for 58 ms
Spawn passengers: Waiting for 72 ms
Spawn passengers: Waiting for 5 ms
Spawn passengers: Waiting for 90 ms
Spawn passengers: Waiting for 95 ms
Spawn passengers: Waiting for 1 ms
Spawn passengers: Waiting for 98 ms
Spawn passengers: Waiting for 48 ms
Spawn passengers: Waiting for 42 ms
Spawn passengers: Waiting for 76 ms
Spawn passengers: Waiting for 72 ms
Spawn passengers: Waiting for 10 ms
Spawn passengers: Waiting for 20 ms
Spawn passengers: Waiting for 81 ms
Spawn passengers: Waiting for 93 ms
Spawn passengers: Waiting for 38 ms
Spawn passengers: Waiting for 53 ms
Spawn passengers: Waiting for 75 ms
Spawn passengers: Waiting for 5 ms
Spawn passengers: Waiting for 31 ms
Spawn passengers: Waiting for 98 ms
Spawn passengers: Waiting for 42 ms
Spawn passengers: Waiting for 97 ms
Spawn passengers: Waiting for 86 ms
Spawn passengers: Waiting for 12 ms
Spawn passengers: Waiting for 70 ms
Spawn passengers: Waiting for 80 ms
Spawn passengers: Waiting for 83 ms
Spawn passengers: Waiting for 95 ms
Spawn passengers: Waiting for 21 ms
Spawn passengers: Waiting for 75 ms
Spawn passengers: Waiting for 47 ms
Spawn passengers: Waiting for 51 ms
Spawn passengers: Waiting for 95 ms
Spawn passengers: Waiting for 93 ms
Spawn passengers: Waiting for 53 ms
Spawn passengers: Waiting for 58 ms
Spawn passengers: Waiting for 20 ms
Spawn passengers: Waiting for 90 ms
Spawn passengers: Waiting for 12 ms
Spawn passengers: Waiting for 78 ms
Spawn passengers: Waiting for 100 ms
Spawn passengers: Waiting for 91 ms
Spawn passengers: Waiting for 44 ms
Spawn passengers: Waiting for 75 ms
Spawn passengers: Waiting for 27 ms
Spawn passengers: Waiting for 48 ms
Spawn passengers: Waiting for 20 ms
Spawn passengers: Waiting for 98 ms
Spawn passengers: Waiting for 81 ms
Spawn passengers: Waiting for 45 ms
Spawn passengers: Waiting for 25 ms
Spawn passengers: Waiting for 25 ms
Spawn passengers: Waiting for 40 ms
Spawn passengers: Waiting for 100 ms
Spawn passengers: Waiting for 5 ms
Spawn passengers: Waiting for 64 ms
Spawn passengers: Waiting for 66 ms
Spawn passengers: Waiting for 74 ms
Spawn passengers: Waiting for 25 ms
Spawn passengers: Waiting for 78 ms
Spawn passengers: Waiting for 76 ms
Spawn passengers: Waiting for 71 ms
Spawn passengers: Waiting for 18 ms
Spawn passengers: Waiting for 36 ms
Spawn passengers: Waiting for 43 ms
Spawn passengers: Waiting for 8 ms
Spawn passengers: Waiting for 99 ms
Spawn passengers: Waiting for 39 ms
Spawn passengers: Waiting for 92 ms
Spawn passengers: Waiting for 17 ms
Spawn passengers: Waiting for 43 ms
Spawn passengers: Waiting for 50 ms
Spawn passengers: Waiting for 6 ms
Spawn passengers: Waiting for 63 ms
Spawn passengers: Waiting for 42 ms
Spawn passengers: Waiting for 50 ms
Spawn passengers: Waiting for 32 ms
Spawn passengers: Waiting for 45 ms
Spawn passengers: Waiting for 19 ms
Spawn passengers: Waiting for 55 ms
Spawn passengers: Waiting for 42 ms
Spawn passengers: Waiting for 85 ms
Spawn passengers: Waiting for 63 ms
Spawn passengers: Waiting for 66 ms
Spawn passengers: Waiting for 83 ms
Spawn passengers: Waiting for 22 ms
Spawn passengers: Waiting for 8 ms
Spawn passengers: Waiting for 88 ms
Spawn passengers: Waiting for 12 ms
Spawn passengers: Waiting for 36 ms
Spawn passengers: Waiting for 65 ms
Spawn passengers: Waiting for 44 ms
Spawn passengers: Waiting for 47 ms
Spawn passengers: Waiting for 7 ms
Spawn passengers: Waiting for 11 ms
Spawn passengers: Waiting for 20 ms
Spawn passengers: Waiting for 15 ms
Spawn passengers: Waiting for 32 ms
Spawn passengers: Waiting for 30 ms
Spawn passengers: Waiting for 68 ms
Spawn passengers: Waiting for 96 ms
Spawn passengers: Received signal SIGTERM
Main: Received signal SIGTERM
Main: Received signal SIGTERM
Main: Received signal SIGTERM
Main process: Exiting
Baggage control: 343401
Security control process: 343402
Main process: 343400
Stairs process: 343403
Init planes
Dispatcher process: 343404
All planes created
Spawn passengers
Spawn passengers: Waiting for 24 ms
Spawn passengers: Waiting for 86 ms
Spawn passengers: Waiting for 51 ms
Spawn passengers: Waiting for 87 ms
Spawn passengers: Waiting for 93 ms
Spawn passengers: Waiting for 43 ms
Spawn passengers: Waiting for 5 ms
Spawn passengers: Waiting for 17 ms
Spawn passengers: Waiting for 25 ms
Spawn passengers: Waiting for 65 ms
Spawn passengers: Waiting for 34 ms
Spawn passengers: Waiting for 91 ms
Spawn passengers: Waiting for 53 ms
Spawn passengers: Waiting for 97 ms
Spawn passengers: Waiting for 96 ms
Spawn passengers: Waiting for 4 ms
Spawn passengers: Waiting for 46 ms
Spawn passengers: Waiting for 5 ms
Spawn passengers: Waiting for 9 ms
Spawn passengers: Waiting for 25 ms
Spawn passengers: Waiting for 65 ms
Spawn passengers: Waiting for 87 ms
Spawn passengers: Waiting for 8 ms
Spawn passengers: Waiting for 59 ms
Spawn passengers: Waiting for 97 ms
Spawn passengers: Waiting for 61 ms
Spawn passengers: Waiting for 36 ms
Spawn passengers: Waiting for 49 ms
Spawn passengers: Waiting for 21 ms
Spawn passengers: Waiting for 31 ms
Spawn passengers: Waiting for 26 ms
Spawn passengers: Waiting for 88 ms
Spawn passengers: Waiting for 63 ms
Spawn passengers: Waiting for 38 ms
Spawn passengers: Waiting for 28 ms
Spawn passengers: Waiting for 57 ms
Spawn passengers: Waiting for 11 ms
Spawn passengers: Waiting for 15 ms
Spawn passengers: Waiting for 38 ms
Spawn passengers: Waiting for 54 ms
Spawn passengers: Waiting for 63 ms
Spawn passengers: Waiting for 42 ms
Spawn passengers: Waiting for 47 ms
Spawn passengers: Waiting for 48 ms
Spawn passengers: Waiting for 77 ms
Spawn passengers: Waiting for 12 ms
Spawn passengers: Waiting for 83 ms
Spawn passengers: Waiting for 82 ms
Spawn passengers: Waiting for 61 ms
Spawn passengers: Waiting for 99 ms
Spawn passengers: Waiting for 62 ms
Spawn passengers: Waiting for 6 ms
Spawn passengers: Waiting for 62 ms
Spawn passengers: Waiting for 9 ms
Spawn passengers: Waiting for 1 ms
Spawn passengers: Waiting for 64 ms
Spawn passengers: Waiting for 81 ms
Spawn passengers: Waiting for 48 ms
Spawn passengers: Waiting for 47 ms
Spawn passengers: Waiting for 64 ms
Spawn passengers: Waiting for 79 ms
Spawn passengers: Waiting for 85 ms
Spawn passengers: Waiting for 66 ms
Spawn passengers: Waiting for 1 ms
Spawn passengers: Waiting for 93 ms
Spawn passengers: Waiting for 79 ms
Spawn passengers: Waiting for 75 ms
Spawn passengers: Waiting for 74 ms
Spawn passengers: Waiting for 94 ms
Spawn passengers: Waiting for 96 ms
Spawn passengers: Waiting for 90 ms
Spawn passengers: Waiting for 85 ms
Spawn passengers: Waiting for 61 ms
Spawn passengers: Waiting for 63 ms
Spawn passengers: Waiting for 100 ms
Spawn passengers: Waiting for 1 ms
Spawn passengers: Waiting for 7 ms
Spawn passengers: Waiting for 84 ms
Spawn passengers: Waiting for 45 ms
Spawn passengers: Waiting for 40 ms
Spawn passengers: Waiting for 12 ms
Spawn passengers: Waiting for 68 ms
Spawn passengers: Waiting for 92 ms
Spawn passengers: Waiting for 63 ms
Spawn passengers: Waiting for 55 ms
Spawn passengers: Waiting for 61 ms
Spawn passengers: Waiting for 42 ms
Spawn passengers: Waiting for 30 ms
Spawn passengers: Waiting for 6 ms
Spawn passengers: Waiting for 3 ms
Spawn passengers: Waiting for 10 ms
Spawn passengers: Waiting for 92 ms
Spawn passengers: Waiting for 28 ms
Spawn passengers: Waiting for 63 ms
Spawn passengers: Waiting for 67 ms
Spawn passengers: Waiting for 22 ms
Spawn passengers: Waiting for 80 ms
Spawn passengers: Waiting for 26 ms
Spawn passengers: Waiting for 9 ms
Spawn passengers: Waiting for 29 ms
Spawn passengers: Waiting for 59 ms
Spawn passengers: Waiting for 75 ms
Spawn passengers: Waiting for 6 ms
Spawn passengers: Waiting for 26 ms
Spawn passengers: Waiting for 97 ms
Spawn passengers: Waiting for 77 ms
Spawn passengers: Waiting for 8 ms
Spawn passengers: Waiting for 25 ms
Spawn passengers: Waiting for 45 ms
Spawn passengers: Waiting for 4 ms
Spawn passengers: Waiting for 44 ms
Spawn passengers: Waiting for 16 ms
Spawn passengers: Waiting for 94 ms
Spawn passengers: Waiting for 91 ms
Spawn passengers: Waiting for 40 ms
Spawn passengers: Waiting for 18 ms
Spawn passengers: Waiting for 67 ms
Spawn passengers: Waiting for 67 ms
Spawn passengers: Waiting for 73 ms
Spawn passengers: Waiting for 33 ms
Spawn passengers: Waiting for 53 ms
Spawn passengers: Waiting for 27 ms
Spawn passengers: Waiting for 16 ms
Spawn passengers: Waiting for 46 ms
Spawn passengers: Waiting for 93 ms
Spawn passengers: Waiting for 33 ms
Spawn passengers: Waiting for 67 ms
Spawn passengers: Waiting for 66 ms
Spawn passengers: Waiting for 84 ms
Spawn passengers: Waiting for 48 ms
Spawn passengers: Waiting for 39 ms
Spawn passengers: Waiting for 41 ms
Spawn passengers: Waiting for 79 ms
Spawn passengers: Waiting for 3 ms
Spawn passengers: Waiting for 39 ms
Spawn passengers: Waiting for 37 ms
Spawn passengers: Waiting for 34 ms
Spawn passengers: Waiting for 18 ms
Spawn passengers: Waiting for 30 ms
Spawn passengers: Waiting for 49 ms
Spawn passengers: Waiting for 86 ms
Spawn passengers: Waiting for 68 ms
Spawn passengers: Waiting for 85 ms
Spawn passengers: Waiting for 35 ms
Spawn passengers: Waiting for 84 ms
Spawn passengers: Waiting for 49 ms
Spawn passengers: Waiting for 40 ms
Spawn passengers: Waiting for 26 ms
Spawn passengers: Waiting for 1 ms
Spawn passengers: Waiting for 74 ms
Spawn passengers: Waiting for 7 ms
Spawn passengers: Waiting for 60 ms
Spawn passengers: Waiting for 38 ms
Spawn passengers: Waiting for 39 ms
Spawn passengers: Waiting for 98 ms
Spawn passengers: Waiting for 19 ms
Spawn passengers: Waiting for 6 ms
Spawn passengers: Waiting for 12 ms
Spawn passengers: Waiting for 32 ms
Spawn passengers: Waiting for 30 ms
Spawn passengers: Waiting for 86 ms
Spawn passengers: Waiting for 93 ms
Spawn passengers: Waiting for 77 ms
Spawn passengers: Waiting for 50 ms
Spawn passengers: Waiting for 26 ms
Spawn passengers: Waiting for 59 ms
Spawn passengers: Waiting for 36 ms
Spawn passengers: Waiting for 27 ms
Spawn passengers: Waiting for 59 ms
Spawn passengers: Waiting for 83 ms
Spawn passengers: Waiting for 16 ms
Spawn passengers: Waiting for 20 ms
Spawn passengers: Waiting for 100 ms
Spawn passengers: Waiting for 65 ms
Spawn passengers: Waiting for 7 ms
Spawn passengers: Waiting for 41 ms
Spawn passengers: Waiting for 64 ms
Spawn passengers: Waiting for 75 ms
Spawn passengers: Waiting for 9 ms
Spawn passengers: Waiting for 72 ms
Spawn passengers: Waiting for 74 ms
Spawn passengers: Waiting for 40 ms
Spawn passengers: Waiting for 73 ms
Spawn passengers: Waiting for 21 ms
Spawn passengers: Waiting for 34 ms
Spawn passengers: Waiting for 51 ms
Spawn passengers: Waiting for 67 ms
Spawn passengers: Waiting for 52 ms
Spawn passengers: Waiting for 95 ms
Spawn passengers: Waiting for 63 ms
Spawn passengers: Waiting for 100 ms
Spawn passengers: Waiting for 14 ms
Spawn passengers: Waiting for 89 ms
Baggage control: 358331
Security control process: 358332
Stairs process: 358333
Main process: 358330
Init planes
Dispatcher process: 358334
All planes created
Spawn passengers
Spawn passengers: Waiting for 83 ms
Spawn passengers: Waiting for 29 ms
Spawn passengers: Waiting for 92 ms
Spawn passengers: Waiting for 30 ms
Spawn passengers: Waiting for 8 ms
Spawn passengers: Waiting for 93 ms
Spawn passengers: Waiting for 89 ms
Spawn passengers: Waiting for 26 ms
Spawn passengers: Waiting for 97 ms
Spawn passengers: Waiting for 83 ms
Spawn passengers: Waiting for 11 ms
Spawn passengers: Waiting for 97 ms
Spawn passengers: Waiting for 55 ms
Spawn passengers: Waiting for 64 ms
Spawn passengers: Waiting for 13 ms
Spawn passengers: Waiting for 96 ms
Spawn passengers: Waiting for 84 ms
Main: Received signal SIGTERM
Spawn passengers: Received signal SIGTERM
Main: Received signal SIGTERM
Main process: Exiting
