Plane process: 0
Plane 0 created with the following properties:
Max passengers: 10
Max baggage weight: 75
Time of cycle: 74
Plane: Received signal PLANE_GO
Plane 0: leaving for 74 sec
Plane: Received signal PLANE_GO
Plane 0: leaving for 74 sec
Plane: Received signal PLANE_GO
Plane 0: leaving for 74 sec
Plane: Received signal PLANE_GO
Plane 0: leaving for 74 sec
Plane: Received signal PLANE_GO
Plane 0: leaving for 74 sec
Plane: Received signal PLANE_GO
Plane 0: leaving for 74 sec
Plane: Received signal PLANE_GO
Plane 0: leaving for 74 sec
Plane: Received signal PLANE_GO
Plane 0: leaving for 74 sec
Plane: Received signal PLANE_GO
Plane 0: leaving for 74 sec
Plane: Received signal PLANE_GO
Plane 0: leaving for 74 sec
Plane: Received signal PLANE_GO
Plane 0: leaving for 74 sec
Plane: Received signal PLANE_GO
Plane 0: leaving for 74 sec
Plane: Received signal PLANE_GO
Plane 0: leaving for 74 sec
Plane: Received signal PLANE_GO
Plane 0: leaving for 74 sec
Plane: Received signal PLANE_GO
Plane 0: leaving for 74 sec
Plane: Received signal PLANE_GO
Plane 0: leaving for 74 sec
Plane: Received signal PLANE_GO
Plane 0: leaving for 74 sec
Plane: Received signal PLANE_GO
Plane 0: leaving for 74 sec
Plane: Received signal PLANE_GO
Plane 0: leaving for 74 sec
Plane: Received signal PLANE_GO
Plane 0: leaving for 74 sec
Plane: Received signal PLANE_GO
Plane 0: leaving for 74 sec
Plane: Received signal PLANE_GO
Plane 0: leaving for 74 sec
Plane: Received signal PLANE_GO
Plane 0: leaving for 74 sec
Plane: Received signal PLANE_GO
Plane 0: leaving for 74 sec
Plane: Received signal PLANE_GO
Plane 0: leaving for 74 sec
Plane: Received signal PLANE_GO
Plane 0: leaving for 74 sec
Plane: Received signal PLANE_GO
Plane 0: leaving for 74 sec
Plane: Received signal PLANE_GO
Plane 0: leaving for 74 sec
Plane: Received signal PLANE_GO
Plane 0: leaving for 74 sec
Plane: Received signal PLANE_GO
Plane 0: leaving for 74 sec
Plane: Received signal PLANE_GO
Plane 0: leaving for 74 sec
Plane: Received signal PLANE_GO
Plane 0: leaving for 74 sec
Plane: Received signal PLANE_GO
Plane 0: leaving for 74 sec
Plane: Received signal PLANE_GO
Plane 0: leaving for 74 sec
Plane: Received signal PLANE_GO
Plane 0: leaving for 74 sec
Plane: Received signal PLANE_GO
Plane 0: leaving for 74 sec
Plane: Received signal PLANE_GO
Plane 0: leaving for 74 sec
Plane: Received signal PLANE_GO
Plane 0: leaving for 74 sec
Plane: Received signal PLANE_GO
Plane 0: leaving for 74 sec
Plane: Received signal PLANE_GO
Plane 0: leaving for 74 sec
Plane: Received signal PLANE_GO
Plane 0: leaving for 74 sec
Plane: Received signal PLANE_GO
Plane 0: leaving for 74 sec
Plane: Received signal PLANE_GO
Plane 0: leaving for 74 sec
Plane: Received signal PLANE_GO
Plane 0: leaving for 74 sec
Plane: Received signal PLANE_GO
Plane 0: leaving for 74 sec
Plane: Received signal PLANE_GO
Plane 0: leaving for 74 sec
Plane: Received signal PLANE_GO
Plane 0: leaving for 74 sec
Plane: Received signal PLANE_GO
Plane 0: leaving for 74 sec
Plane: Received signal PLANE_GO
Plane 0: leaving for 74 sec
Plane: Received signal PLANE_GO
Plane 0: leaving for 74 sec
Plane: Received signal PLANE_GO
Plane 0: leaving for 74 sec
Plane: Received signal PLANE_GO
Plane 0: leaving for 74 sec
Plane: Received signal PLANE_GO
Plane 0: leaving for 74 sec
Plane: Received signal PLANE_GO
Plane 0: leaving for 74 sec
Plane process: 0
Plane 0 created with the following properties:
Max passengers: 10
Max baggage weight: 75
Time of cycle: 35
Plane: Received signal PLANE_GO
Plane 0: leaving for 35 sec
Plane: Received signal PLANE_GO
Plane 0: leaving for 35 sec
Plane: Received signal PLANE_GO
Plane 0: leaving for 35 sec
Plane: Received signal PLANE_GO
Plane 0: leaving for 35 sec
Plane: Received signal PLANE_GO
Plane 0: leaving for 35 sec
Plane: Received signal PLANE_GO
Plane 0: leaving for 35 sec
Plane: Received signal PLANE_GO
Plane 0: leaving for 35 sec
Plane: Received signal PLANE_GO
Plane 0: leaving for 35 sec
Plane: Received signal PLANE_GO
Plane 0: leaving for 35 sec
Plane: Received signal PLANE_GO
Plane 0: leaving for 35 sec
Plane: Received signal PLANE_GO
Plane 0: leaving for 35 sec
Plane: Received signal PLANE_GO
Plane 0: leaving for 35 sec
Plane: Received signal PLANE_GO
Plane 0: leaving for 35 sec
Plane: Received signal PLANE_GO
Plane 0: leaving for 35 sec
Plane: Received signal PLANE_GO
Plane 0: leaving for 35 sec
Plane: Received signal PLANE_GO
Plane 0: leaving for 35 sec
Plane: Received signal PLANE_GO
Plane 0: leaving for 35 sec
Plane: Received signal PLANE_GO
Plane 0: leaving for 35 sec
Plane: Received signal PLANE_GO
Plane 0: leaving for 35 sec
Plane: Received signal PLANE_GO
Plane 0: leaving for 35 sec
Plane: Received signal PLANE_GO
Plane 0: leaving for 35 sec
Plane: Received signal PLANE_GO
Plane 0: leaving for 35 sec
Plane: Received signal PLANE_GO
Plane 0: leaving for 35 sec
Plane: Received signal PLANE_GO
Plane 0: leaving for 35 sec
Plane: Received signal PLANE_GO
Plane 0: leaving for 35 sec
Plane: Received signal PLANE_GO
Plane 0: leaving for 35 sec
Plane: Received signal PLANE_GO
Plane 0: leaving for 35 sec
Plane: Received signal PLANE_GO
Plane 0: leaving for 35 sec
Plane: Received signal PLANE_GO
Plane 0: leaving for 35 sec
Plane: Received signal PLANE_GO
Plane 0: leaving for 35 sec
Plane: Received signal PLANE_GO
Plane 0: leaving for 35 sec
Plane: Received signal PLANE_GO
Plane 0: leaving for 35 sec
Plane: Received signal PLANE_GO
Plane 0: leaving for 35 sec
Plane: Received signal PLANE_GO
Plane 0: leaving for 35 sec
Plane: Received signal PLANE_GO
Plane 0: leaving for 35 sec
Plane: Received signal PLANE_GO
Plane 0: leaving for 35 sec
Plane: Received signal PLANE_GO
Plane 0: leaving for 35 sec
Plane: Received signal PLANE_GO
Plane 0: leaving for 35 sec
Plane: Received signal PLANE_GO
Plane 0: leaving for 35 sec
Plane: Received signal PLANE_GO
Plane 0: leaving for 35 sec
Plane: Received signal PLANE_GO
Plane 0: leaving for 35 sec
Plane: Received signal PLANE_GO
Plane 0: leaving for 35 sec
Plane: Received signal PLANE_GO
Plane 0: leaving for 35 sec
Plane: Received signal PLANE_GO
Plane 0: leaving for 35 sec
Plane: Received signal PLANE_GO
Plane 0: leaving for 35 sec
Plane: Received signal PLANE_GO
Plane 0: leaving for 35 sec
Plane: Received signal PLANE_GO
Plane 0: leaving for 35 sec
Plane: Received signal SIGTERM
Plane process: 0
Plane 0 created with the following properties:
Max passengers: 10
Max baggage weight: 75
Time of cycle: 66
Plane: Received signal PLANE_GO
Plane 0: leaving for 66 sec
Plane: Received signal PLANE_GO
Plane 0: leaving for 66 sec
Plane: Received signal PLANE_GO
Plane 0: leaving for 66 sec
Plane: Received signal PLANE_GO
Plane 0: leaving for 66 sec
Plane: Received signal PLANE_GO
Plane 0: leaving for 66 sec
Plane: Received signal PLANE_GO
Plane 0: leaving for 66 sec
Plane: Received signal PLANE_GO
Plane 0: leaving for 66 sec
Plane: Received signal PLANE_GO
Plane 0: leaving for 66 sec
Plane: Received signal PLANE_GO
Plane 0: leaving for 66 sec
Plane: Received signal PLANE_GO
Plane 0: leaving for 66 sec
Plane: Received signal PLANE_GO
Plane 0: leaving for 66 sec
Plane: Received signal PLANE_GO
Plane 0: leaving for 66 sec
Plane: Received signal PLANE_GO
Plane 0: leaving for 66 sec
Plane: Received signal PLANE_GO
Plane 0: leaving for 66 sec
Plane: Received signal PLANE_GO
Plane 0: leaving for 66 sec
Plane: Received signal PLANE_GO
Plane 0: leaving for 66 sec
Plane: Received signal PLANE_GO
Plane 0: leaving for 66 sec
Plane: Received signal PLANE_GO
Plane 0: leaving for 66 sec
Plane: Received signal PLANE_GO
Plane 0: leaving for 66 sec
Plane: Received signal PLANE_GO
Plane 0: leaving for 66 sec
Plane: Received signal PLANE_GO
Plane 0: leaving for 66 sec
Plane: Received signal PLANE_GO
Plane 0: leaving for 66 sec
Plane: Received signal PLANE_GO
Plane 0: leaving for 66 sec
Plane: Received signal PLANE_GO
Plane 0: leaving for 66 sec
Plane: Received signal PLANE_GO
Plane 0: leaving for 66 sec
Plane: Received signal PLANE_GO
Plane 0: leaving for 66 sec
Plane: Received signal PLANE_GO
Plane 0: leaving for 66 sec
Plane: Received signal PLANE_GO
Plane 0: leaving for 66 sec
Plane: Received signal PLANE_GO
Plane 0: leaving for 66 sec
Plane: Received signal PLANE_GO
Plane 0: leaving for 66 sec
Plane: Received signal PLANE_GO
Plane 0: leaving for 66 sec
Plane: Received signal PLANE_GO
Plane 0: leaving for 66 sec
Plane: Received signal PLANE_GO
Plane 0: leaving for 66 sec
Plane: Received signal PLANE_GO
Plane 0: leaving for 66 sec
Plane: Received signal PLANE_GO
Plane 0: leaving for 66 sec
Plane: Received signal PLANE_GO
Plane 0: leaving for 66 sec
Plane: Received signal PLANE_GO
Plane 0: leaving for 66 sec
Plane: Received signal PLANE_GO
Plane 0: leaving for 66 sec
Plane: Received signal PLANE_GO
Plane 0: leaving for 66 sec
Plane: Received signal PLANE_GO
Plane 0: leaving for 66 sec
Plane: Received signal PLANE_GO
Plane 0: leaving for 66 sec
Plane: Received signal PLANE_GO
Plane 0: leaving for 66 sec
Plane: Received signal PLANE_GO
Plane 0: leaving for 66 sec
Plane: Received signal PLANE_GO
Plane 0: leaving for 66 sec
Plane: Received signal PLANE_GO
Plane 0: leaving for 66 sec
Plane: Received signal PLANE_GO
Plane 0: leaving for 66 sec
Plane: Received signal PLANE_GO
Plane 0: leaving for 66 sec
Plane: Received signal SIGTERM
Plane process: 0
Plane 0 created with the following properties:
Max passengers: 10
Max baggage weight: 75
Time of cycle: 75
Plane: Received signal PLANE_GO
Plane 0: leaving for 75 sec
Plane: Received signal PLANE_GO
Plane 0: leaving for 75 sec
Plane: Received signal PLANE_GO
Plane 0: leaving for 75 sec
Plane: Received signal PLANE_GO
Plane 0: leaving for 75 sec
Plane: Received signal PLANE_GO
Plane 0: leaving for 75 sec
Plane: Received signal PLANE_GO
Plane 0: leaving for 75 sec
Plane: Received signal PLANE_GO
Plane 0: leaving for 75 sec
Plane process: 0
Plane 0 created with the following properties:
Max passengers: 10
Max baggage weight: 75
Time of cycle: 40
Plane: Received signal PLANE_GO
Plane 0: leaving for 40 sec
Plane: Received signal SIGTERM
